Could not find conda environment: toy_classification_env
You can list all discoverable environments with `conda info --envs`.

Defaulting to user installation because normal site-packages is not writeable
Requirement already satisfied: scikit-learn==0.24.2 in /home/jchen291/.local/lib/python3.8/site-packages (from -r requirements.txt (line 1)) (0.24.2)
Requirement already satisfied: tqdm==4.64.1 in /home/jchen291/.local/lib/python3.8/site-packages (from -r requirements.txt (line 2)) (4.64.1)
Requirement already satisfied: transformers==4.26.1 in /home/jchen291/.local/lib/python3.8/site-packages (from -r requirements.txt (line 3)) (4.26.1)
Requirement already satisfied: datasets==2.10.0 in /home/jchen291/.local/lib/python3.8/site-packages (from -r requirements.txt (line 4)) (2.10.0)
Requirement already satisfied: evaluate==0.4.0 in /home/jchen291/.local/lib/python3.8/site-packages (from -r requirements.txt (line 5)) (0.4.0)
Requirement already satisfied: torch==1.13.1 in /home/jchen291/.local/lib/python3.8/site-packages (from -r requirements.txt (line 6)) (1.13.1)
Requirement already satisfied: wandb in /home/jchen291/.local/lib/python3.8/site-packages (from -r requirements.txt (line 7)) (0.13.11)
Requirement already satisfied: joblib>=0.11 in /data/apps/linux-centos8-cascadelake/gcc-9.3.0/anaconda3-2020.07-i7qavhiohb2uwqs4eqjeefzx3kp5jqdu/lib/python3.8/site-packages (from scikit-learn==0.24.2->-r requirements.txt (line 1)) (0.16.0)
Requirement already satisfied: threadpoolctl>=2.0.0 in /data/apps/linux-centos8-cascadelake/gcc-9.3.0/anaconda3-2020.07-i7qavhiohb2uwqs4eqjeefzx3kp5jqdu/lib/python3.8/site-packages (from scikit-learn==0.24.2->-r requirements.txt (line 1)) (2.1.0)
Requirement already satisfied: numpy>=1.13.3 in /data/apps/linux-centos8-cascadelake/gcc-9.3.0/anaconda3-2020.07-i7qavhiohb2uwqs4eqjeefzx3kp5jqdu/lib/python3.8/site-packages (from scikit-learn==0.24.2->-r requirements.txt (line 1)) (1.18.5)
Requirement already satisfied: scipy>=0.19.1 in /data/apps/linux-centos8-cascadelake/gcc-9.3.0/anaconda3-2020.07-i7qavhiohb2uwqs4eqjeefzx3kp5jqdu/lib/python3.8/site-packages (from scikit-learn==0.24.2->-r requirements.txt (line 1)) (1.5.0)
Requirement already satisfied: requests in /data/apps/linux-centos8-cascadelake/gcc-9.3.0/anaconda3-2020.07-i7qavhiohb2uwqs4eqjeefzx3kp5jqdu/lib/python3.8/site-packages (from transformers==4.26.1->-r requirements.txt (line 3)) (2.24.0)
Requirement already satisfied: tokenizers!=0.11.3,<0.14,>=0.11.1 in /home/jchen291/.local/lib/python3.8/site-packages (from transformers==4.26.1->-r requirements.txt (line 3)) (0.13.2)
Requirement already satisfied: filelock in /data/apps/linux-centos8-cascadelake/gcc-9.3.0/anaconda3-2020.07-i7qavhiohb2uwqs4eqjeefzx3kp5jqdu/lib/python3.8/site-packages (from transformers==4.26.1->-r requirements.txt (line 3)) (3.0.12)
Requirement already satisfied: regex!=2019.12.17 in /data/apps/linux-centos8-cascadelake/gcc-9.3.0/anaconda3-2020.07-i7qavhiohb2uwqs4eqjeefzx3kp5jqdu/lib/python3.8/site-packages (from transformers==4.26.1->-r requirements.txt (line 3)) (2020.6.8)
Requirement already satisfied: packaging>=20.0 in /data/apps/linux-centos8-cascadelake/gcc-9.3.0/anaconda3-2020.07-i7qavhiohb2uwqs4eqjeefzx3kp5jqdu/lib/python3.8/site-packages (from transformers==4.26.1->-r requirements.txt (line 3)) (20.4)
Requirement already satisfied: pyyaml>=5.1 in /data/apps/linux-centos8-cascadelake/gcc-9.3.0/anaconda3-2020.07-i7qavhiohb2uwqs4eqjeefzx3kp5jqdu/lib/python3.8/site-packages (from transformers==4.26.1->-r requirements.txt (line 3)) (5.3.1)
Requirement already satisfied: huggingface-hub<1.0,>=0.11.0 in /home/jchen291/.local/lib/python3.8/site-packages (from transformers==4.26.1->-r requirements.txt (line 3)) (0.13.1)
Requirement already satisfied: dill<0.3.7,>=0.3.0 in /home/jchen291/.local/lib/python3.8/site-packages (from datasets==2.10.0->-r requirements.txt (line 4)) (0.3.6)
Requirement already satisfied: xxhash in /home/jchen291/.local/lib/python3.8/site-packages (from datasets==2.10.0->-r requirements.txt (line 4)) (3.2.0)
Requirement already satisfied: pandas in /home/jchen291/.local/lib/python3.8/site-packages (from datasets==2.10.0->-r requirements.txt (line 4)) (1.4.3)
Requirement already satisfied: pyarrow>=6.0.0 in /home/jchen291/.local/lib/python3.8/site-packages (from datasets==2.10.0->-r requirements.txt (line 4)) (11.0.0)
Requirement already satisfied: responses<0.19 in /home/jchen291/.local/lib/python3.8/site-packages (from datasets==2.10.0->-r requirements.txt (line 4)) (0.18.0)
Requirement already satisfied: multiprocess in /home/jchen291/.local/lib/python3.8/site-packages (from datasets==2.10.0->-r requirements.txt (line 4)) (0.70.14)
Requirement already satisfied: fsspec[http]>=2021.11.1 in /home/jchen291/.local/lib/python3.8/site-packages (from datasets==2.10.0->-r requirements.txt (line 4)) (2023.3.0)
Requirement already satisfied: aiohttp in /home/jchen291/.local/lib/python3.8/site-packages (from datasets==2.10.0->-r requirements.txt (line 4)) (3.8.4)
Requirement already satisfied: nvidia-cublas-cu11==11.10.3.66; platform_system == "Linux" in /home/jchen291/.local/lib/python3.8/site-packages (from torch==1.13.1->-r requirements.txt (line 6)) (11.10.3.66)
Requirement already satisfied: nvidia-cudnn-cu11==8.5.0.96; platform_system == "Linux" in /home/jchen291/.local/lib/python3.8/site-packages (from torch==1.13.1->-r requirements.txt (line 6)) (8.5.0.96)
Requirement already satisfied: nvidia-cuda-runtime-cu11==11.7.99; platform_system == "Linux" in /home/jchen291/.local/lib/python3.8/site-packages (from torch==1.13.1->-r requirements.txt (line 6)) (11.7.99)
Requirement already satisfied: nvidia-cuda-nvrtc-cu11==11.7.99; platform_system == "Linux" in /home/jchen291/.local/lib/python3.8/site-packages (from torch==1.13.1->-r requirements.txt (line 6)) (11.7.99)
Requirement already satisfied: typing-extensions in /home/jchen291/.local/lib/python3.8/site-packages (from torch==1.13.1->-r requirements.txt (line 6)) (4.5.0)
Requirement already satisfied: appdirs>=1.4.3 in /home/jchen291/.local/lib/python3.8/site-packages (from wandb->-r requirements.txt (line 7)) (1.4.4)
Requirement already satisfied: sentry-sdk>=1.0.0 in /home/jchen291/.local/lib/python3.8/site-packages (from wandb->-r requirements.txt (line 7)) (1.16.0)
Requirement already satisfied: pathtools in /data/apps/linux-centos8-cascadelake/gcc-9.3.0/anaconda3-2020.07-i7qavhiohb2uwqs4eqjeefzx3kp5jqdu/lib/python3.8/site-packages (from wandb->-r requirements.txt (line 7)) (0.1.2)
Requirement already satisfied: Click!=8.0.0,>=7.0 in /data/apps/linux-centos8-cascadelake/gcc-9.3.0/anaconda3-2020.07-i7qavhiohb2uwqs4eqjeefzx3kp5jqdu/lib/python3.8/site-packages (from wandb->-r requirements.txt (line 7)) (7.1.2)
Requirement already satisfied: protobuf!=4.21.0,<5,>=3.12.0; python_version < "3.9" and sys_platform == "linux" in /home/jchen291/.local/lib/python3.8/site-packages (from wandb->-r requirements.txt (line 7)) (4.22.1)
Requirement already satisfied: docker-pycreds>=0.4.0 in /home/jchen291/.local/lib/python3.8/site-packages (from wandb->-r requirements.txt (line 7)) (0.4.0)
Requirement already satisfied: psutil>=5.0.0 in /data/apps/linux-centos8-cascadelake/gcc-9.3.0/anaconda3-2020.07-i7qavhiohb2uwqs4eqjeefzx3kp5jqdu/lib/python3.8/site-packages (from wandb->-r requirements.txt (line 7)) (5.7.0)
Requirement already satisfied: GitPython!=3.1.29,>=1.0.0 in /home/jchen291/.local/lib/python3.8/site-packages (from wandb->-r requirements.txt (line 7)) (3.1.31)
Requirement already satisfied: setuptools in /data/apps/linux-centos8-cascadelake/gcc-9.3.0/anaconda3-2020.07-i7qavhiohb2uwqs4eqjeefzx3kp5jqdu/lib/python3.8/site-packages (from wandb->-r requirements.txt (line 7)) (49.2.0.post20200714)
Requirement already satisfied: setproctitle in /home/jchen291/.local/lib/python3.8/site-packages (from wandb->-r requirements.txt (line 7)) (1.3.2)
Requirement already satisfied: idna<3,>=2.5 in /data/apps/linux-centos8-cascadelake/gcc-9.3.0/anaconda3-2020.07-i7qavhiohb2uwqs4eqjeefzx3kp5jqdu/lib/python3.8/site-packages (from requests->transformers==4.26.1->-r requirements.txt (line 3)) (2.10)
Requirement already satisfied: urllib3!=1.25.0,!=1.25.1,<1.26,>=1.21.1 in /data/apps/linux-centos8-cascadelake/gcc-9.3.0/anaconda3-2020.07-i7qavhiohb2uwqs4eqjeefzx3kp5jqdu/lib/python3.8/site-packages (from requests->transformers==4.26.1->-r requirements.txt (line 3)) (1.25.9)
Requirement already satisfied: certifi>=2017.4.17 in /data/apps/linux-centos8-cascadelake/gcc-9.3.0/anaconda3-2020.07-i7qavhiohb2uwqs4eqjeefzx3kp5jqdu/lib/python3.8/site-packages (from requests->transformers==4.26.1->-r requirements.txt (line 3)) (2020.6.20)
Requirement already satisfied: chardet<4,>=3.0.2 in /data/apps/linux-centos8-cascadelake/gcc-9.3.0/anaconda3-2020.07-i7qavhiohb2uwqs4eqjeefzx3kp5jqdu/lib/python3.8/site-packages (from requests->transformers==4.26.1->-r requirements.txt (line 3)) (3.0.4)
Requirement already satisfied: pyparsing>=2.0.2 in /data/apps/linux-centos8-cascadelake/gcc-9.3.0/anaconda3-2020.07-i7qavhiohb2uwqs4eqjeefzx3kp5jqdu/lib/python3.8/site-packages (from packaging>=20.0->transformers==4.26.1->-r requirements.txt (line 3)) (2.4.7)
Requirement already satisfied: six in /home/jchen291/.local/lib/python3.8/site-packages (from packaging>=20.0->transformers==4.26.1->-r requirements.txt (line 3)) (1.16.0)
Requirement already satisfied: python-dateutil>=2.8.1 in /home/jchen291/.local/lib/python3.8/site-packages (from pandas->datasets==2.10.0->-r requirements.txt (line 4)) (2.8.2)
Requirement already satisfied: pytz>=2020.1 in /home/jchen291/.local/lib/python3.8/site-packages (from pandas->datasets==2.10.0->-r requirements.txt (line 4)) (2022.1)
Requirement already satisfied: attrs>=17.3.0 in /data/apps/linux-centos8-cascadelake/gcc-9.3.0/anaconda3-2020.07-i7qavhiohb2uwqs4eqjeefzx3kp5jqdu/lib/python3.8/site-packages (from aiohttp->datasets==2.10.0->-r requirements.txt (line 4)) (19.3.0)
Requirement already satisfied: multidict<7.0,>=4.5 in /home/jchen291/.local/lib/python3.8/site-packages (from aiohttp->datasets==2.10.0->-r requirements.txt (line 4)) (6.0.4)
Requirement already satisfied: frozenlist>=1.1.1 in /home/jchen291/.local/lib/python3.8/site-packages (from aiohttp->datasets==2.10.0->-r requirements.txt (line 4)) (1.3.3)
Requirement already satisfied: yarl<2.0,>=1.0 in /home/jchen291/.local/lib/python3.8/site-packages (from aiohttp->datasets==2.10.0->-r requirements.txt (line 4)) (1.8.2)
Requirement already satisfied: charset-normalizer<4.0,>=2.0 in /home/jchen291/.local/lib/python3.8/site-packages (from aiohttp->datasets==2.10.0->-r requirements.txt (line 4)) (3.1.0)
Requirement already satisfied: async-timeout<5.0,>=4.0.0a3 in /home/jchen291/.local/lib/python3.8/site-packages (from aiohttp->datasets==2.10.0->-r requirements.txt (line 4)) (4.0.2)
Requirement already satisfied: aiosignal>=1.1.2 in /home/jchen291/.local/lib/python3.8/site-packages (from aiohttp->datasets==2.10.0->-r requirements.txt (line 4)) (1.3.1)
Requirement already satisfied: wheel in /data/apps/linux-centos8-cascadelake/gcc-9.3.0/anaconda3-2020.07-i7qavhiohb2uwqs4eqjeefzx3kp5jqdu/lib/python3.8/site-packages (from nvidia-cublas-cu11==11.10.3.66; platform_system == "Linux"->torch==1.13.1->-r requirements.txt (line 6)) (0.34.2)
Requirement already satisfied: gitdb<5,>=4.0.1 in /home/jchen291/.local/lib/python3.8/site-packages (from GitPython!=3.1.29,>=1.0.0->wandb->-r requirements.txt (line 7)) (4.0.10)
Requirement already satisfied: smmap<6,>=3.0.1 in /home/jchen291/.local/lib/python3.8/site-packages (from gitdb<5,>=4.0.1->GitPython!=3.1.29,>=1.0.0->wandb->-r requirements.txt (line 7)) (5.0.0)
/data/apps/linux-centos8-cascadelake/gcc-9.3.0/anaconda3-2020.07-i7qavhiohb2uwqs4eqjeefzx3kp5jqdu/lib/python3.8/site-packages/traitlets/config/loader.py:795: SyntaxWarning: "is" with a literal. Did you mean "=="?
  if len(key) is 1:
/data/apps/linux-centos8-cascadelake/gcc-9.3.0/anaconda3-2020.07-i7qavhiohb2uwqs4eqjeefzx3kp5jqdu/lib/python3.8/site-packages/traitlets/config/loader.py:804: SyntaxWarning: "is" with a literal. Did you mean "=="?
  if len(key) is 1:
wandb: Currently logged in as: jc200108 (jacky291). Use `wandb login --relogin` to force relogin
wandb: Tracking run with wandb version 0.13.11
wandb: Run data is saved locally in /home/jchen291/classes/csci-601-771-self-supervised-models/sp2023/hw6/wandb/run-20230313_010642-u435xc1o
wandb: Run `wandb offline` to turn off syncing.
wandb: Syncing run distilbert-base-uncased_grid_search
wandb: ⭐️ View project at https://wandb.ai/jacky291/boolq
wandb: 🚀 View run at https://wandb.ai/jacky291/boolq/runs/u435xc1o
Found cached dataset boolq (/home/jchen291/.cache/huggingface/datasets/boolq/default/0.1.0/bf0dd57da941c50de94ae3ce3cef7fea48c08f337a4b7aac484e9dddc5aa24e5)
Specified arguments: Namespace(batch_size=32, device='cuda', experiment='distilbert-base-uncased_grid_search', lr=0.0001, model='distilbert-base-uncased', num_epochs=5, small_subset=False)
Loading the dataset ...
  0%|          | 0/2 [00:00<?, ?it/s]100%|██████████| 2/2 [00:00<00:00, 582.70it/s]
Some weights of the model checkpoint at distilbert-base-uncased were not used when initializing DistilBertForSequenceClassification: ['vocab_projector.bias', 'vocab_projector.weight', 'vocab_transform.bias', 'vocab_layer_norm.weight', 'vocab_transform.weight', 'vocab_layer_norm.bias']
- This IS expected if you are initializing DistilBertForSequenceClassification from the checkpoint of a model trained on another task or with another architecture (e.g. initializing a BertForSequenceClassification model from a BertForPreTraining model).
- This IS NOT expected if you are initializing DistilBertForSequenceClassification from the checkpoint of a model that you expect to be exactly identical (initializing a BertForSequenceClassification model from a BertForSequenceClassification model).
Some weights of DistilBertForSequenceClassification were not initialized from the model checkpoint at distilbert-base-uncased and are newly initialized: ['classifier.bias', 'pre_classifier.weight', 'pre_classifier.bias', 'classifier.weight']
You should probably TRAIN this model on a down-stream task to be able to use it for predictions and inference.
huggingface/tokenizers: The current process just got forked, after parallelism has already been used. Disabling parallelism to avoid deadlocks...
To disable this warning, you can either:
	- Avoid using `tokenizers` before the fork if possible
	- Explicitly set the environment variable TOKENIZERS_PARALLELISM=(true | false)
Slicing the data...
Size of the loaded dataset:
 - train: 8000
 - dev: 3270
 - test: 1427
Loading the tokenizer...
Loding the data into DS...
 >>>>>>>> Initializing the data loaders ... 
Loading the model ...
Moving model to device ...cuda
 >>>>>>>>  Starting training ... 
 >>>>>>>>  Initializing optimizer
Epoch 1 training:
 ===> Epoch 1
 - Average training metrics: accuracy=0.61325
 - Average validation metrics: accuracy={'accuracy': 0.6486238532110091}
Epoch 2 training:
 ===> Epoch 2
 - Average training metrics: accuracy=0.683
 - Average validation metrics: accuracy={'accuracy': 0.6620795107033639}
Epoch 3 training:
 ===> Epoch 3
 - Average training metrics: accuracy=0.794625
 - Average validation metrics: accuracy={'accuracy': 0.6795107033639144}
Epoch 4 training:
 ===> Epoch 4
 - Average training metrics: accuracy=0.887375
 - Average validation metrics: accuracy={'accuracy': 0.6856269113149847}
Epoch 5 training:
 ===> Epoch 5
 - Average training metrics: accuracy=0.94225
 - Average validation metrics: accuracy={'accuracy': 0.6819571865443425}
torch.cuda.memory_allocated: 0.511710GB
torch.cuda.memory_reserved: 3.746094GB
torch.cuda.max_memory_reserved: 3.746094GB
Mon Mar 13 01:20:17 2023       
+-----------------------------------------------------------------------------+
| NVIDIA-SMI 460.56       Driver Version: 460.56       CUDA Version: 11.2     |
|-------------------------------+----------------------+----------------------+
| GPU  Name        Persistence-M| Bus-Id        Disp.A | Volatile Uncorr. ECC |
| Fan  Temp  Perf  Pwr:Usage/Cap|         Memory-Usage | GPU-Util  Compute M. |
|                               |                      |               MIG M. |
|===============================+======================+======================|
|   0  Graphics Device     On   | 00000000:17:00.0 Off |                   On |
| N/A   57C    P0   305W / 300W |  47863MiB / 81251MiB |     N/A      Default |
|                               |                      |              Enabled |
+-------------------------------+----------------------+----------------------+
|   1  Graphics Device     On   | 00000000:31:00.0 Off |                   On |
| N/A   55C    P0   256W / 300W |  34371MiB / 81251MiB |     N/A      Default |
|                               |                      |              Enabled |
+-------------------------------+----------------------+----------------------+
|   2  Graphics Device     On   | 00000000:B1:00.0 Off |                   On |
| N/A   59C    P0   263W / 300W |  45227MiB / 81251MiB |     N/A      Default |
|                               |                      |              Enabled |
+-------------------------------+----------------------+----------------------+
|   3  Graphics Device     On   | 00000000:CA:00.0 Off |                   On |
| N/A   28C    P0    43W / 300W |     13MiB / 81251MiB |     N/A      Default |
|                               |                      |              Enabled |
+-------------------------------+----------------------+----------------------+

+-----------------------------------------------------------------------------+
| MIG devices:                                                                |
+------------------+----------------------+-----------+-----------------------+
| GPU  GI  CI  MIG |         Memory-Usage |        Vol|         Shared        |
|      ID  ID  Dev |           BAR1-Usage | SM     Unc| CE  ENC  DEC  OFA  JPG|
|                  |                      |        ECC|                       |
|==================+======================+===========+=======================|
|  2   10   0   0  |   4758MiB /  9728MiB | 14      0 |  1   0    0    0    0 |
|                  |      4MiB / 16383MiB |           |                       |
+------------------+----------------------+-----------+-----------------------+
                                                                               
+-----------------------------------------------------------------------------+
| Processes:                                                                  |
|  GPU   GI   CI        PID   Type   Process name                  GPU Memory |
|        ID   ID                                                   Usage      |
|=============================================================================|
|    0    7    0      58802      C   ...jeefzx3kp5jqdu/bin/python     7345MiB |
|    0    9    0      60828      C   ...jeefzx3kp5jqdu/bin/python     8047MiB |
|    0   11    0      60979      C   ...jeefzx3kp5jqdu/bin/python     8023MiB |
|    0   12    0      62406      C   ...jeefzx3kp5jqdu/bin/python     8121MiB |
|    0   14    0      63363      C   ...jeefzx3kp5jqdu/bin/python     8271MiB |
|    0    8    0      63857      C   ...jeefzx3kp5jqdu/bin/python     8023MiB |
|    1   10    0      10051      C   ...sification_env/bin/python     9577MiB |
|    1    9    0      61098      C   ...jeefzx3kp5jqdu/bin/python     8271MiB |
|    1   11    0      61662      C   ...jeefzx3kp5jqdu/bin/python     5425MiB |
|    1   13    0      61840      C   ...jeefzx3kp5jqdu/bin/python     5413MiB |
|    1   12    0      62066      C   ...jeefzx3kp5jqdu/bin/python     5655MiB |
|    2   10    0      62776      C   ...jeefzx3kp5jqdu/bin/python     4753MiB |
+-----------------------------------------------------------------------------+

 - Average DEV metrics: accuracy={'accuracy': 0.6819571865443425}
 - Average TEST metrics: accuracy={'accuracy': 0.6832515767344078}
/data/apps/linux-centos8-cascadelake/gcc-9.3.0/anaconda3-2020.07-i7qavhiohb2uwqs4eqjeefzx3kp5jqdu/lib/python3.8/site-packages/traitlets/config/loader.py:795: SyntaxWarning: "is" with a literal. Did you mean "=="?
  if len(key) is 1:
/data/apps/linux-centos8-cascadelake/gcc-9.3.0/anaconda3-2020.07-i7qavhiohb2uwqs4eqjeefzx3kp5jqdu/lib/python3.8/site-packages/traitlets/config/loader.py:804: SyntaxWarning: "is" with a literal. Did you mean "=="?
  if len(key) is 1:
wandb: Waiting for W&B process to finish... (success).
wandb: - 0.008 MB of 0.008 MB uploaded (0.000 MB deduped)wandb: \ 0.008 MB of 0.008 MB uploaded (0.000 MB deduped)wandb: | 0.008 MB of 0.008 MB uploaded (0.000 MB deduped)wandb: / 0.008 MB of 0.008 MB uploaded (0.000 MB deduped)wandb: 
wandb: Run history:
wandb: train_accuracy ▁▂▅▇█
wandb:   val_accuracy ▁▄▇█▇
wandb: 
wandb: Run summary:
wandb: train_accuracy 0.94225
wandb:   val_accuracy 0.68196
wandb: 
wandb: 🚀 View run distilbert-base-uncased_grid_search at: https://wandb.ai/jacky291/boolq/runs/u435xc1o
wandb: Synced 5 W&B file(s), 0 media file(s), 2 artifact file(s) and 0 other file(s)
wandb: Find logs at: ./wandb/run-20230313_010642-u435xc1o/logs
/data/apps/linux-centos8-cascadelake/gcc-9.3.0/anaconda3-2020.07-i7qavhiohb2uwqs4eqjeefzx3kp5jqdu/lib/python3.8/site-packages/traitlets/config/loader.py:795: SyntaxWarning: "is" with a literal. Did you mean "=="?
  if len(key) is 1:
/data/apps/linux-centos8-cascadelake/gcc-9.3.0/anaconda3-2020.07-i7qavhiohb2uwqs4eqjeefzx3kp5jqdu/lib/python3.8/site-packages/traitlets/config/loader.py:804: SyntaxWarning: "is" with a literal. Did you mean "=="?
  if len(key) is 1:
wandb: Currently logged in as: jc200108 (jacky291). Use `wandb login --relogin` to force relogin
wandb: Tracking run with wandb version 0.13.11
wandb: Run data is saved locally in /home/jchen291/classes/csci-601-771-self-supervised-models/sp2023/hw6/wandb/run-20230313_012102-mb1ogkmx
wandb: Run `wandb offline` to turn off syncing.
wandb: Syncing run distilbert-base-uncased_grid_search
wandb: ⭐️ View project at https://wandb.ai/jacky291/boolq
wandb: 🚀 View run at https://wandb.ai/jacky291/boolq/runs/mb1ogkmx
Found cached dataset boolq (/home/jchen291/.cache/huggingface/datasets/boolq/default/0.1.0/bf0dd57da941c50de94ae3ce3cef7fea48c08f337a4b7aac484e9dddc5aa24e5)
Specified arguments: Namespace(batch_size=32, device='cuda', experiment='distilbert-base-uncased_grid_search', lr=0.0001, model='distilbert-base-uncased', num_epochs=7, small_subset=False)
Loading the dataset ...
  0%|          | 0/2 [00:00<?, ?it/s]100%|██████████| 2/2 [00:00<00:00, 664.97it/s]
Some weights of the model checkpoint at distilbert-base-uncased were not used when initializing DistilBertForSequenceClassification: ['vocab_projector.weight', 'vocab_layer_norm.weight', 'vocab_layer_norm.bias', 'vocab_transform.bias', 'vocab_projector.bias', 'vocab_transform.weight']
- This IS expected if you are initializing DistilBertForSequenceClassification from the checkpoint of a model trained on another task or with another architecture (e.g. initializing a BertForSequenceClassification model from a BertForPreTraining model).
- This IS NOT expected if you are initializing DistilBertForSequenceClassification from the checkpoint of a model that you expect to be exactly identical (initializing a BertForSequenceClassification model from a BertForSequenceClassification model).
Some weights of DistilBertForSequenceClassification were not initialized from the model checkpoint at distilbert-base-uncased and are newly initialized: ['classifier.bias', 'pre_classifier.weight', 'classifier.weight', 'pre_classifier.bias']
You should probably TRAIN this model on a down-stream task to be able to use it for predictions and inference.
huggingface/tokenizers: The current process just got forked, after parallelism has already been used. Disabling parallelism to avoid deadlocks...
To disable this warning, you can either:
	- Avoid using `tokenizers` before the fork if possible
	- Explicitly set the environment variable TOKENIZERS_PARALLELISM=(true | false)
Slicing the data...
Size of the loaded dataset:
 - train: 8000
 - dev: 3270
 - test: 1427
Loading the tokenizer...
Loding the data into DS...
 >>>>>>>> Initializing the data loaders ... 
Loading the model ...
Moving model to device ...cuda
 >>>>>>>>  Starting training ... 
 >>>>>>>>  Initializing optimizer
Epoch 1 training:
 ===> Epoch 1
 - Average training metrics: accuracy=0.627125
 - Average validation metrics: accuracy={'accuracy': 0.6492354740061163}
Epoch 2 training:
 ===> Epoch 2
 - Average training metrics: accuracy=0.69
 - Average validation metrics: accuracy={'accuracy': 0.6382262996941896}
Epoch 3 training:
 ===> Epoch 3
 - Average training metrics: accuracy=0.78975
 - Average validation metrics: accuracy={'accuracy': 0.6782874617737003}
Epoch 4 training:
 ===> Epoch 4
 - Average training metrics: accuracy=0.8865
 - Average validation metrics: accuracy={'accuracy': 0.6593272171253822}
Epoch 5 training:
 ===> Epoch 5
 - Average training metrics: accuracy=0.938625
 - Average validation metrics: accuracy={'accuracy': 0.6519877675840978}
Epoch 6 training:
 ===> Epoch 6
 - Average training metrics: accuracy=0.963375
 - Average validation metrics: accuracy={'accuracy': 0.6568807339449542}
Epoch 7 training:
 ===> Epoch 7
 - Average training metrics: accuracy=0.976125
 - Average validation metrics: accuracy={'accuracy': 0.6694189602446483}
torch.cuda.memory_allocated: 0.511710GB
torch.cuda.memory_reserved: 3.746094GB
torch.cuda.max_memory_reserved: 3.746094GB
Mon Mar 13 01:40:00 2023       
+-----------------------------------------------------------------------------+
| NVIDIA-SMI 460.56       Driver Version: 460.56       CUDA Version: 11.2     |
|-------------------------------+----------------------+----------------------+
| GPU  Name        Persistence-M| Bus-Id        Disp.A | Volatile Uncorr. ECC |
| Fan  Temp  Perf  Pwr:Usage/Cap|         Memory-Usage | GPU-Util  Compute M. |
|                               |                      |               MIG M. |
|===============================+======================+======================|
|   0  Graphics Device     On   | 00000000:17:00.0 Off |                   On |
| N/A   58C    P0   284W / 300W |  48417MiB / 81251MiB |     N/A      Default |
|                               |                      |              Enabled |
+-------------------------------+----------------------+----------------------+
|   1  Graphics Device     On   | 00000000:31:00.0 Off |                   On |
| N/A   62C    P0   298W / 300W |  54309MiB / 81251MiB |     N/A      Default |
|                               |                      |              Enabled |
+-------------------------------+----------------------+----------------------+
|   2  Graphics Device     On   | 00000000:B1:00.0 Off |                   On |
| N/A   58C    P0   213W / 300W |  38953MiB / 81251MiB |     N/A      Default |
|                               |                      |              Enabled |
+-------------------------------+----------------------+----------------------+
|   3  Graphics Device     On   | 00000000:CA:00.0 Off |                   On |
| N/A   38C    P0   133W / 300W |  15476MiB / 81251MiB |     N/A      Default |
|                               |                      |              Enabled |
+-------------------------------+----------------------+----------------------+

+-----------------------------------------------------------------------------+
| MIG devices:                                                                |
+------------------+----------------------+-----------+-----------------------+
| GPU  GI  CI  MIG |         Memory-Usage |        Vol|         Shared        |
|      ID  ID  Dev |           BAR1-Usage | SM     Unc| CE  ENC  DEC  OFA  JPG|
|                  |                      |        ECC|                       |
|==================+======================+===========+=======================|
|  2   10   0   0  |   4758MiB /  9728MiB | 14      0 |  1   0    0    0    0 |
|                  |      4MiB / 16383MiB |           |                       |
+------------------+----------------------+-----------+-----------------------+
                                                                               
+-----------------------------------------------------------------------------+
| Processes:                                                                  |
|  GPU   GI   CI        PID   Type   Process name                  GPU Memory |
|        ID   ID                                                   Usage      |
|=============================================================================|
|    0   11    0        605      C   ...jeefzx3kp5jqdu/bin/python     8047MiB |
|    0    7    0      58802      C   ...jeefzx3kp5jqdu/bin/python     7345MiB |
|    0   12    0      62406      C   ...jeefzx3kp5jqdu/bin/python     9577MiB |
|    0    8    0      63857      C   ...jeefzx3kp5jqdu/bin/python     8023MiB |
|    0   13    0      64450      C   ...sification_env/bin/python     7345MiB |
|    0    9    0      65529      C   ...jeefzx3kp5jqdu/bin/python     8047MiB |
|    1    8    0        607      C   ...jeefzx3kp5jqdu/bin/python     8047MiB |
|    1   13    0        832      C   ...jeefzx3kp5jqdu/bin/python     8047MiB |
|    1   11    0        834      C   ...jeefzx3kp5jqdu/bin/python     8047MiB |
|    1    9    0        836      C   ...jeefzx3kp5jqdu/bin/python     8047MiB |
|    1   12    0       1150      C   ...jeefzx3kp5jqdu/bin/python     4461MiB |
|    1   10    0      10051      C   ...sification_env/bin/python     9577MiB |
|    1    7    0      64947      C   ...jeefzx3kp5jqdu/bin/python     8047MiB |
|    2   10    0      64498      C   ...jeefzx3kp5jqdu/bin/python     4753MiB |
|    3    7    0        992      C   ...jeefzx3kp5jqdu/bin/python     8047MiB |
|    3    8    0       1245      C   ...jeefzx3kp5jqdu/bin/python     7409MiB |
+-----------------------------------------------------------------------------+

 - Average DEV metrics: accuracy={'accuracy': 0.6694189602446483}
 - Average TEST metrics: accuracy={'accuracy': 0.6664330763840224}
/data/apps/linux-centos8-cascadelake/gcc-9.3.0/anaconda3-2020.07-i7qavhiohb2uwqs4eqjeefzx3kp5jqdu/lib/python3.8/site-packages/traitlets/config/loader.py:795: SyntaxWarning: "is" with a literal. Did you mean "=="?
  if len(key) is 1:
/data/apps/linux-centos8-cascadelake/gcc-9.3.0/anaconda3-2020.07-i7qavhiohb2uwqs4eqjeefzx3kp5jqdu/lib/python3.8/site-packages/traitlets/config/loader.py:804: SyntaxWarning: "is" with a literal. Did you mean "=="?
  if len(key) is 1:
wandb: Waiting for W&B process to finish... (success).
wandb: - 0.008 MB of 0.020 MB uploaded (0.000 MB deduped)wandb: \ 0.020 MB of 0.020 MB uploaded (0.000 MB deduped)wandb: 
wandb: Run history:
wandb: train_accuracy ▁▂▄▆▇██
wandb:   val_accuracy ▃▁█▅▃▄▆
wandb: 
wandb: Run summary:
wandb: train_accuracy 0.97613
wandb:   val_accuracy 0.66942
wandb: 
wandb: 🚀 View run distilbert-base-uncased_grid_search at: https://wandb.ai/jacky291/boolq/runs/mb1ogkmx
wandb: Synced 5 W&B file(s), 0 media file(s), 0 artifact file(s) and 0 other file(s)
wandb: Find logs at: ./wandb/run-20230313_012102-mb1ogkmx/logs
/data/apps/linux-centos8-cascadelake/gcc-9.3.0/anaconda3-2020.07-i7qavhiohb2uwqs4eqjeefzx3kp5jqdu/lib/python3.8/site-packages/traitlets/config/loader.py:795: SyntaxWarning: "is" with a literal. Did you mean "=="?
  if len(key) is 1:
/data/apps/linux-centos8-cascadelake/gcc-9.3.0/anaconda3-2020.07-i7qavhiohb2uwqs4eqjeefzx3kp5jqdu/lib/python3.8/site-packages/traitlets/config/loader.py:804: SyntaxWarning: "is" with a literal. Did you mean "=="?
  if len(key) is 1:
wandb: Currently logged in as: jc200108 (jacky291). Use `wandb login --relogin` to force relogin
wandb: Tracking run with wandb version 0.13.11
wandb: Run data is saved locally in /home/jchen291/classes/csci-601-771-self-supervised-models/sp2023/hw6/wandb/run-20230313_014041-lhisyu3w
wandb: Run `wandb offline` to turn off syncing.
wandb: Syncing run distilbert-base-uncased_grid_search
wandb: ⭐️ View project at https://wandb.ai/jacky291/boolq
wandb: 🚀 View run at https://wandb.ai/jacky291/boolq/runs/lhisyu3w
Found cached dataset boolq (/home/jchen291/.cache/huggingface/datasets/boolq/default/0.1.0/bf0dd57da941c50de94ae3ce3cef7fea48c08f337a4b7aac484e9dddc5aa24e5)
Specified arguments: Namespace(batch_size=32, device='cuda', experiment='distilbert-base-uncased_grid_search', lr=0.0001, model='distilbert-base-uncased', num_epochs=9, small_subset=False)
Loading the dataset ...
  0%|          | 0/2 [00:00<?, ?it/s]100%|██████████| 2/2 [00:00<00:00, 661.46it/s]
Some weights of the model checkpoint at distilbert-base-uncased were not used when initializing DistilBertForSequenceClassification: ['vocab_layer_norm.bias', 'vocab_projector.weight', 'vocab_layer_norm.weight', 'vocab_transform.bias', 'vocab_transform.weight', 'vocab_projector.bias']
- This IS expected if you are initializing DistilBertForSequenceClassification from the checkpoint of a model trained on another task or with another architecture (e.g. initializing a BertForSequenceClassification model from a BertForPreTraining model).
- This IS NOT expected if you are initializing DistilBertForSequenceClassification from the checkpoint of a model that you expect to be exactly identical (initializing a BertForSequenceClassification model from a BertForSequenceClassification model).
Some weights of DistilBertForSequenceClassification were not initialized from the model checkpoint at distilbert-base-uncased and are newly initialized: ['classifier.bias', 'classifier.weight', 'pre_classifier.weight', 'pre_classifier.bias']
You should probably TRAIN this model on a down-stream task to be able to use it for predictions and inference.
huggingface/tokenizers: The current process just got forked, after parallelism has already been used. Disabling parallelism to avoid deadlocks...
To disable this warning, you can either:
	- Avoid using `tokenizers` before the fork if possible
	- Explicitly set the environment variable TOKENIZERS_PARALLELISM=(true | false)
Slicing the data...
Size of the loaded dataset:
 - train: 8000
 - dev: 3270
 - test: 1427
Loading the tokenizer...
Loding the data into DS...
 >>>>>>>> Initializing the data loaders ... 
Loading the model ...
Moving model to device ...cuda
 >>>>>>>>  Starting training ... 
 >>>>>>>>  Initializing optimizer
Epoch 1 training:
 ===> Epoch 1
 - Average training metrics: accuracy=0.62425
 - Average validation metrics: accuracy={'accuracy': 0.6620795107033639}
Epoch 2 training:
 ===> Epoch 2
 - Average training metrics: accuracy=0.681
 - Average validation metrics: accuracy={'accuracy': 0.6856269113149847}
Epoch 3 training:
 ===> Epoch 3
 - Average training metrics: accuracy=0.772125
 - Average validation metrics: accuracy={'accuracy': 0.6828746177370031}
Epoch 4 training:
 ===> Epoch 4
 - Average training metrics: accuracy=0.86775
 - Average validation metrics: accuracy={'accuracy': 0.6697247706422018}
Epoch 5 training:
 ===> Epoch 5
 - Average training metrics: accuracy=0.92225
 - Average validation metrics: accuracy={'accuracy': 0.6892966360856269}
Epoch 6 training:
 ===> Epoch 6
 - Average training metrics: accuracy=0.948375
 - Average validation metrics: accuracy={'accuracy': 0.671559633027523}
Epoch 7 training:
 ===> Epoch 7
 - Average training metrics: accuracy=0.969625
 - Average validation metrics: accuracy={'accuracy': 0.6975535168195719}
Epoch 8 training:
 ===> Epoch 8
 - Average training metrics: accuracy=0.982625
 - Average validation metrics: accuracy={'accuracy': 0.6981651376146789}
Epoch 9 training:
 ===> Epoch 9
 - Average training metrics: accuracy=0.9905
 - Average validation metrics: accuracy={'accuracy': 0.692354740061162}
torch.cuda.memory_allocated: 0.511710GB
torch.cuda.memory_reserved: 3.746094GB
torch.cuda.max_memory_reserved: 3.746094GB
Mon Mar 13 02:04:50 2023       
+-----------------------------------------------------------------------------+
| NVIDIA-SMI 460.56       Driver Version: 460.56       CUDA Version: 11.2     |
|-------------------------------+----------------------+----------------------+
| GPU  Name        Persistence-M| Bus-Id        Disp.A | Volatile Uncorr. ECC |
| Fan  Temp  Perf  Pwr:Usage/Cap|         Memory-Usage | GPU-Util  Compute M. |
|                               |                      |               MIG M. |
|===============================+======================+======================|
|   0  Graphics Device     On   | 00000000:17:00.0 Off |                   On |
| N/A   57C    P0   272W / 300W |  46051MiB / 81251MiB |     N/A      Default |
|                               |                      |              Enabled |
+-------------------------------+----------------------+----------------------+
|   1  Graphics Device     On   | 00000000:31:00.0 Off |                   On |
| N/A   61C    P0   285W / 300W |  49143MiB / 81251MiB |     N/A      Default |
|                               |                      |              Enabled |
+-------------------------------+----------------------+----------------------+
|   2  Graphics Device     On   | 00000000:B1:00.0 Off |                   On |
| N/A   54C    P0   224W / 300W |  34489MiB / 81251MiB |     N/A      Default |
|                               |                      |              Enabled |
+-------------------------------+----------------------+----------------------+
|   3  Graphics Device     On   | 00000000:CA:00.0 Off |                   On |
| N/A   38C    P0   136W / 300W |  16362MiB / 81251MiB |     N/A      Default |
|                               |                      |              Enabled |
+-------------------------------+----------------------+----------------------+

+-----------------------------------------------------------------------------+
| MIG devices:                                                                |
+------------------+----------------------+-----------+-----------------------+
| GPU  GI  CI  MIG |         Memory-Usage |        Vol|         Shared        |
|      ID  ID  Dev |           BAR1-Usage | SM     Unc| CE  ENC  DEC  OFA  JPG|
|                  |                      |        ECC|                       |
|==================+======================+===========+=======================|
|  2   10   0   0  |   4758MiB /  9728MiB | 14      0 |  1   0    0    0    0 |
|                  |      4MiB / 16383MiB |           |                       |
+------------------+----------------------+-----------+-----------------------+
                                                                               
+-----------------------------------------------------------------------------+
| Processes:                                                                  |
|  GPU   GI   CI        PID   Type   Process name                  GPU Memory |
|        ID   ID                                                   Usage      |
|=============================================================================|
|    0   14    0       1895      C   ...jeefzx3kp5jqdu/bin/python     8271MiB |
|    0    8    0       2239      C   ...jeefzx3kp5jqdu/bin/python     8023MiB |
|    0   13    0       3832      C   ...jeefzx3kp5jqdu/bin/python     4461MiB |
|    0    9    0       4093      C   ...sification_env/bin/python     7345MiB |
|    0   12    0      62406      C   ...jeefzx3kp5jqdu/bin/python     9577MiB |
|    1    8    0        607      C   ...jeefzx3kp5jqdu/bin/python     8047MiB |
|    1   13    0        832      C   ...jeefzx3kp5jqdu/bin/python     8047MiB |
|    1   11    0        834      C   ...jeefzx3kp5jqdu/bin/python     8047MiB |
|    1    9    0        836      C   ...jeefzx3kp5jqdu/bin/python     8047MiB |
|    1    7    0       3520      C   ...jeefzx3kp5jqdu/bin/python     7345MiB |
|    1   10    0      10051      C   ...sification_env/bin/python     9577MiB |
|    2   10    0       2085      C   ...jeefzx3kp5jqdu/bin/python     4753MiB |
|    3    7    0        992      C   ...jeefzx3kp5jqdu/bin/python     8047MiB |
|    3    8    0       1245      C   ...jeefzx3kp5jqdu/bin/python     8295MiB |
+-----------------------------------------------------------------------------+

 - Average DEV metrics: accuracy={'accuracy': 0.692354740061162}
 - Average TEST metrics: accuracy={'accuracy': 0.716187806587246}
/data/apps/linux-centos8-cascadelake/gcc-9.3.0/anaconda3-2020.07-i7qavhiohb2uwqs4eqjeefzx3kp5jqdu/lib/python3.8/site-packages/traitlets/config/loader.py:795: SyntaxWarning: "is" with a literal. Did you mean "=="?
  if len(key) is 1:
/data/apps/linux-centos8-cascadelake/gcc-9.3.0/anaconda3-2020.07-i7qavhiohb2uwqs4eqjeefzx3kp5jqdu/lib/python3.8/site-packages/traitlets/config/loader.py:804: SyntaxWarning: "is" with a literal. Did you mean "=="?
  if len(key) is 1:
wandb: Waiting for W&B process to finish... (success).
wandb: - 0.008 MB of 0.008 MB uploaded (0.000 MB deduped)wandb: \ 0.008 MB of 0.008 MB uploaded (0.000 MB deduped)wandb: | 0.008 MB of 0.008 MB uploaded (0.000 MB deduped)wandb: / 0.008 MB of 0.008 MB uploaded (0.000 MB deduped)wandb: 
wandb: Run history:
wandb: train_accuracy ▁▂▄▆▇▇███
wandb:   val_accuracy ▁▆▅▂▆▃██▇
wandb: 
wandb: Run summary:
wandb: train_accuracy 0.9905
wandb:   val_accuracy 0.69235
wandb: 
wandb: 🚀 View run distilbert-base-uncased_grid_search at: https://wandb.ai/jacky291/boolq/runs/lhisyu3w
wandb: Synced 5 W&B file(s), 0 media file(s), 0 artifact file(s) and 0 other file(s)
wandb: Find logs at: ./wandb/run-20230313_014041-lhisyu3w/logs
/data/apps/linux-centos8-cascadelake/gcc-9.3.0/anaconda3-2020.07-i7qavhiohb2uwqs4eqjeefzx3kp5jqdu/lib/python3.8/site-packages/traitlets/config/loader.py:795: SyntaxWarning: "is" with a literal. Did you mean "=="?
  if len(key) is 1:
/data/apps/linux-centos8-cascadelake/gcc-9.3.0/anaconda3-2020.07-i7qavhiohb2uwqs4eqjeefzx3kp5jqdu/lib/python3.8/site-packages/traitlets/config/loader.py:804: SyntaxWarning: "is" with a literal. Did you mean "=="?
  if len(key) is 1:
wandb: Currently logged in as: jc200108 (jacky291). Use `wandb login --relogin` to force relogin
wandb: Tracking run with wandb version 0.13.11
wandb: Run data is saved locally in /home/jchen291/classes/csci-601-771-self-supervised-models/sp2023/hw6/wandb/run-20230313_020534-vj2pa5pr
wandb: Run `wandb offline` to turn off syncing.
wandb: Syncing run distilbert-base-uncased_grid_search
wandb: ⭐️ View project at https://wandb.ai/jacky291/boolq
wandb: 🚀 View run at https://wandb.ai/jacky291/boolq/runs/vj2pa5pr
Found cached dataset boolq (/home/jchen291/.cache/huggingface/datasets/boolq/default/0.1.0/bf0dd57da941c50de94ae3ce3cef7fea48c08f337a4b7aac484e9dddc5aa24e5)
Specified arguments: Namespace(batch_size=32, device='cuda', experiment='distilbert-base-uncased_grid_search', lr=0.0005, model='distilbert-base-uncased', num_epochs=5, small_subset=False)
Loading the dataset ...
  0%|          | 0/2 [00:00<?, ?it/s]100%|██████████| 2/2 [00:00<00:00, 666.08it/s]
Some weights of the model checkpoint at distilbert-base-uncased were not used when initializing DistilBertForSequenceClassification: ['vocab_layer_norm.bias', 'vocab_projector.bias', 'vocab_transform.bias', 'vocab_transform.weight', 'vocab_layer_norm.weight', 'vocab_projector.weight']
- This IS expected if you are initializing DistilBertForSequenceClassification from the checkpoint of a model trained on another task or with another architecture (e.g. initializing a BertForSequenceClassification model from a BertForPreTraining model).
- This IS NOT expected if you are initializing DistilBertForSequenceClassification from the checkpoint of a model that you expect to be exactly identical (initializing a BertForSequenceClassification model from a BertForSequenceClassification model).
Some weights of DistilBertForSequenceClassification were not initialized from the model checkpoint at distilbert-base-uncased and are newly initialized: ['pre_classifier.weight', 'classifier.bias', 'pre_classifier.bias', 'classifier.weight']
You should probably TRAIN this model on a down-stream task to be able to use it for predictions and inference.
huggingface/tokenizers: The current process just got forked, after parallelism has already been used. Disabling parallelism to avoid deadlocks...
To disable this warning, you can either:
	- Avoid using `tokenizers` before the fork if possible
	- Explicitly set the environment variable TOKENIZERS_PARALLELISM=(true | false)
Slicing the data...
Size of the loaded dataset:
 - train: 8000
 - dev: 3270
 - test: 1427
Loading the tokenizer...
Loding the data into DS...
 >>>>>>>> Initializing the data loaders ... 
Loading the model ...
Moving model to device ...cuda
 >>>>>>>>  Starting training ... 
 >>>>>>>>  Initializing optimizer
Epoch 1 training:
 ===> Epoch 1
 - Average training metrics: accuracy=0.617375
 - Average validation metrics: accuracy={'accuracy': 0.6217125382262997}
Epoch 2 training:
 ===> Epoch 2
 - Average training metrics: accuracy=0.620125
 - Average validation metrics: accuracy={'accuracy': 0.6217125382262997}
Epoch 3 training:
 ===> Epoch 3
 - Average training metrics: accuracy=0.620125
 - Average validation metrics: accuracy={'accuracy': 0.6217125382262997}
Epoch 4 training:
 ===> Epoch 4
 - Average training metrics: accuracy=0.620125
 - Average validation metrics: accuracy={'accuracy': 0.6217125382262997}
Epoch 5 training:
 ===> Epoch 5
 - Average training metrics: accuracy=0.620125
 - Average validation metrics: accuracy={'accuracy': 0.6217125382262997}
torch.cuda.memory_allocated: 0.511710GB
torch.cuda.memory_reserved: 3.746094GB
torch.cuda.max_memory_reserved: 3.746094GB
Mon Mar 13 02:19:00 2023       
+-----------------------------------------------------------------------------+
| NVIDIA-SMI 460.56       Driver Version: 460.56       CUDA Version: 11.2     |
|-------------------------------+----------------------+----------------------+
| GPU  Name        Persistence-M| Bus-Id        Disp.A | Volatile Uncorr. ECC |
| Fan  Temp  Perf  Pwr:Usage/Cap|         Memory-Usage | GPU-Util  Compute M. |
|                               |                      |               MIG M. |
|===============================+======================+======================|
|   0  Graphics Device     On   | 00000000:17:00.0 Off |                   On |
| N/A   56C    P0   217W / 300W |  33327MiB / 81251MiB |     N/A      Default |
|                               |                      |              Enabled |
+-------------------------------+----------------------+----------------------+
|   1  Graphics Device     On   | 00000000:31:00.0 Off |                   On |
| N/A   51C    P0   182W / 300W |  24992MiB / 81251MiB |     N/A      Default |
|                               |                      |              Enabled |
+-------------------------------+----------------------+----------------------+
|   2  Graphics Device     On   | 00000000:B1:00.0 Off |                   On |
| N/A   59C    P0   202W / 300W |  34489MiB / 81251MiB |     N/A      Default |
|                               |                      |              Enabled |
+-------------------------------+----------------------+----------------------+
|   3  Graphics Device     On   | 00000000:CA:00.0 Off |                   On |
| N/A   41C    P0   136W / 300W |  16362MiB / 81251MiB |     N/A      Default |
|                               |                      |              Enabled |
+-------------------------------+----------------------+----------------------+

+-----------------------------------------------------------------------------+
| MIG devices:                                                                |
+------------------+----------------------+-----------+-----------------------+
| GPU  GI  CI  MIG |         Memory-Usage |        Vol|         Shared        |
|      ID  ID  Dev |           BAR1-Usage | SM     Unc| CE  ENC  DEC  OFA  JPG|
|                  |                      |        ECC|                       |
|==================+======================+===========+=======================|
|  2   10   0   0  |   4758MiB /  9728MiB | 14      0 |  1   0    0    0    0 |
|                  |      4MiB / 16383MiB |           |                       |
+------------------+----------------------+-----------+-----------------------+
                                                                               
+-----------------------------------------------------------------------------+
| Processes:                                                                  |
|  GPU   GI   CI        PID   Type   Process name                  GPU Memory |
|        ID   ID                                                   Usage      |
|=============================================================================|
|    0   13    0       5077      C   ...jeefzx3kp5jqdu/bin/python     4461MiB |
|    0    7    0       5461      C   ...sification_env/bin/python     7345MiB |
|    0   14    0       5976      C   ...jeefzx3kp5jqdu/bin/python     6087MiB |
|    0    8    0       6201      C   ...jeefzx3kp5jqdu/bin/python     5875MiB |
|    0   12    0      62406      C   ...jeefzx3kp5jqdu/bin/python     9577MiB |
|    1   13    0        832      C   ...jeefzx3kp5jqdu/bin/python     8047MiB |
|    1    7    0       3520      C   ...jeefzx3kp5jqdu/bin/python     7345MiB |
|    1   10    0      10051      C   ...sification_env/bin/python     9577MiB |
|    2   10    0       4602      C   ...jeefzx3kp5jqdu/bin/python     4753MiB |
|    3    7    0        992      C   ...jeefzx3kp5jqdu/bin/python     8047MiB |
|    3    8    0       1245      C   ...jeefzx3kp5jqdu/bin/python     8295MiB |
+-----------------------------------------------------------------------------+

 - Average DEV metrics: accuracy={'accuracy': 0.6217125382262997}
 - Average TEST metrics: accuracy={'accuracy': 0.6398037841625789}
/data/apps/linux-centos8-cascadelake/gcc-9.3.0/anaconda3-2020.07-i7qavhiohb2uwqs4eqjeefzx3kp5jqdu/lib/python3.8/site-packages/traitlets/config/loader.py:795: SyntaxWarning: "is" with a literal. Did you mean "=="?
  if len(key) is 1:
/data/apps/linux-centos8-cascadelake/gcc-9.3.0/anaconda3-2020.07-i7qavhiohb2uwqs4eqjeefzx3kp5jqdu/lib/python3.8/site-packages/traitlets/config/loader.py:804: SyntaxWarning: "is" with a literal. Did you mean "=="?
  if len(key) is 1:
wandb: Waiting for W&B process to finish... (success).
wandb: 
wandb: Run history:
wandb: train_accuracy ▁████
wandb:   val_accuracy ▁▁▁▁▁
wandb: 
wandb: Run summary:
wandb: train_accuracy 0.62013
wandb:   val_accuracy 0.62171
wandb: 
wandb: 🚀 View run distilbert-base-uncased_grid_search at: https://wandb.ai/jacky291/boolq/runs/vj2pa5pr
wandb: Synced 5 W&B file(s), 0 media file(s), 0 artifact file(s) and 0 other file(s)
wandb: Find logs at: ./wandb/run-20230313_020534-vj2pa5pr/logs
/data/apps/linux-centos8-cascadelake/gcc-9.3.0/anaconda3-2020.07-i7qavhiohb2uwqs4eqjeefzx3kp5jqdu/lib/python3.8/site-packages/traitlets/config/loader.py:795: SyntaxWarning: "is" with a literal. Did you mean "=="?
  if len(key) is 1:
/data/apps/linux-centos8-cascadelake/gcc-9.3.0/anaconda3-2020.07-i7qavhiohb2uwqs4eqjeefzx3kp5jqdu/lib/python3.8/site-packages/traitlets/config/loader.py:804: SyntaxWarning: "is" with a literal. Did you mean "=="?
  if len(key) is 1:
wandb: Currently logged in as: jc200108 (jacky291). Use `wandb login --relogin` to force relogin
wandb: Tracking run with wandb version 0.13.11
wandb: Run data is saved locally in /home/jchen291/classes/csci-601-771-self-supervised-models/sp2023/hw6/wandb/run-20230313_021941-ckjk0sz8
wandb: Run `wandb offline` to turn off syncing.
wandb: Syncing run distilbert-base-uncased_grid_search
wandb: ⭐️ View project at https://wandb.ai/jacky291/boolq
wandb: 🚀 View run at https://wandb.ai/jacky291/boolq/runs/ckjk0sz8
Found cached dataset boolq (/home/jchen291/.cache/huggingface/datasets/boolq/default/0.1.0/bf0dd57da941c50de94ae3ce3cef7fea48c08f337a4b7aac484e9dddc5aa24e5)
Specified arguments: Namespace(batch_size=32, device='cuda', experiment='distilbert-base-uncased_grid_search', lr=0.0005, model='distilbert-base-uncased', num_epochs=7, small_subset=False)
Loading the dataset ...
  0%|          | 0/2 [00:00<?, ?it/s]100%|██████████| 2/2 [00:00<00:00, 677.76it/s]
Some weights of the model checkpoint at distilbert-base-uncased were not used when initializing DistilBertForSequenceClassification: ['vocab_layer_norm.bias', 'vocab_transform.bias', 'vocab_projector.bias', 'vocab_transform.weight', 'vocab_layer_norm.weight', 'vocab_projector.weight']
- This IS expected if you are initializing DistilBertForSequenceClassification from the checkpoint of a model trained on another task or with another architecture (e.g. initializing a BertForSequenceClassification model from a BertForPreTraining model).
- This IS NOT expected if you are initializing DistilBertForSequenceClassification from the checkpoint of a model that you expect to be exactly identical (initializing a BertForSequenceClassification model from a BertForSequenceClassification model).
Some weights of DistilBertForSequenceClassification were not initialized from the model checkpoint at distilbert-base-uncased and are newly initialized: ['pre_classifier.bias', 'pre_classifier.weight', 'classifier.bias', 'classifier.weight']
You should probably TRAIN this model on a down-stream task to be able to use it for predictions and inference.
huggingface/tokenizers: The current process just got forked, after parallelism has already been used. Disabling parallelism to avoid deadlocks...
To disable this warning, you can either:
	- Avoid using `tokenizers` before the fork if possible
	- Explicitly set the environment variable TOKENIZERS_PARALLELISM=(true | false)
Slicing the data...
Size of the loaded dataset:
 - train: 8000
 - dev: 3270
 - test: 1427
Loading the tokenizer...
Loding the data into DS...
 >>>>>>>> Initializing the data loaders ... 
Loading the model ...
Moving model to device ...cuda
 >>>>>>>>  Starting training ... 
 >>>>>>>>  Initializing optimizer
Epoch 1 training:
 ===> Epoch 1
 - Average training metrics: accuracy=0.624
 - Average validation metrics: accuracy={'accuracy': 0.6217125382262997}
Epoch 2 training:
 ===> Epoch 2
 - Average training metrics: accuracy=0.626125
 - Average validation metrics: accuracy={'accuracy': 0.6217125382262997}
Epoch 3 training:
 ===> Epoch 3
 - Average training metrics: accuracy=0.626125
 - Average validation metrics: accuracy={'accuracy': 0.6217125382262997}
Epoch 4 training:
 ===> Epoch 4
 - Average training metrics: accuracy=0.626125
 - Average validation metrics: accuracy={'accuracy': 0.6217125382262997}
Epoch 5 training:
 ===> Epoch 5
 - Average training metrics: accuracy=0.626125
 - Average validation metrics: accuracy={'accuracy': 0.6217125382262997}
Epoch 6 training:
 ===> Epoch 6
 - Average training metrics: accuracy=0.626125
 - Average validation metrics: accuracy={'accuracy': 0.6217125382262997}
Epoch 7 training:
 ===> Epoch 7
 - Average training metrics: accuracy=0.623875
 - Average validation metrics: accuracy={'accuracy': 0.6217125382262997}
torch.cuda.memory_allocated: 0.511710GB
torch.cuda.memory_reserved: 3.746094GB
torch.cuda.max_memory_reserved: 3.746094GB
Mon Mar 13 02:38:20 2023       
+-----------------------------------------------------------------------------+
| NVIDIA-SMI 460.56       Driver Version: 460.56       CUDA Version: 11.2     |
|-------------------------------+----------------------+----------------------+
| GPU  Name        Persistence-M| Bus-Id        Disp.A | Volatile Uncorr. ECC |
| Fan  Temp  Perf  Pwr:Usage/Cap|         Memory-Usage | GPU-Util  Compute M. |
|                               |                      |               MIG M. |
|===============================+======================+======================|
|   0  Graphics Device     On   | 00000000:17:00.0 Off |                   On |
| N/A   60C    P0   285W / 300W |  45055MiB / 81251MiB |     N/A      Default |
|                               |                      |              Enabled |
+-------------------------------+----------------------+----------------------+
|   1  Graphics Device     On   | 00000000:31:00.0 Off |                   On |
| N/A   42C    P0   142W / 300W |  16942MiB / 81251MiB |     N/A      Default |
|                               |                      |              Enabled |
+-------------------------------+----------------------+----------------------+
|   2  Graphics Device     On   | 00000000:B1:00.0 Off |                   On |
| N/A   40C    P0   100W / 300W |  14334MiB / 81251MiB |     N/A      Default |
|                               |                      |              Enabled |
+-------------------------------+----------------------+----------------------+
|   3  Graphics Device     On   | 00000000:CA:00.0 Off |                   On |
| N/A   35C    P0   100W / 300W |   8311MiB / 81251MiB |     N/A      Default |
|                               |                      |              Enabled |
+-------------------------------+----------------------+----------------------+

+-----------------------------------------------------------------------------+
| MIG devices:                                                                |
+------------------+----------------------+-----------+-----------------------+
| GPU  GI  CI  MIG |         Memory-Usage |        Vol|         Shared        |
|      ID  ID  Dev |           BAR1-Usage | SM     Unc| CE  ENC  DEC  OFA  JPG|
|                  |                      |        ECC|                       |
|==================+======================+===========+=======================|
|  2   10   0   0  |   4758MiB /  9728MiB | 14      0 |  1   0    0    0    0 |
|                  |      4MiB / 16383MiB |           |                       |
+------------------+----------------------+-----------+-----------------------+
                                                                               
+-----------------------------------------------------------------------------+
| Processes:                                                                  |
|  GPU   GI   CI        PID   Type   Process name                  GPU Memory |
|        ID   ID                                                   Usage      |
|=============================================================================|
|    0    7    0       5461      C   ...sification_env/bin/python     7345MiB |
|    0   14    0       5976      C   ...jeefzx3kp5jqdu/bin/python     8271MiB |
|    0    8    0       6201      C   ...jeefzx3kp5jqdu/bin/python     8023MiB |
|    0    9    0       6838      C   ...sification_env/bin/python     7345MiB |
|    0   13    0       7499      C   ...jeefzx3kp5jqdu/bin/python     4461MiB |
|    0   12    0      62406      C   ...jeefzx3kp5jqdu/bin/python     9577MiB |
|    1    7    0       3520      C   ...jeefzx3kp5jqdu/bin/python     7345MiB |
|    1   10    0      10051      C   ...sification_env/bin/python     9577MiB |
|    2   10    0       6382      C   ...jeefzx3kp5jqdu/bin/python     4753MiB |
|    3    8    0       1245      C   ...jeefzx3kp5jqdu/bin/python     8295MiB |
+-----------------------------------------------------------------------------+

 - Average DEV metrics: accuracy={'accuracy': 0.6217125382262997}
 - Average TEST metrics: accuracy={'accuracy': 0.606166783461808}
/data/apps/linux-centos8-cascadelake/gcc-9.3.0/anaconda3-2020.07-i7qavhiohb2uwqs4eqjeefzx3kp5jqdu/lib/python3.8/site-packages/traitlets/config/loader.py:795: SyntaxWarning: "is" with a literal. Did you mean "=="?
  if len(key) is 1:
/data/apps/linux-centos8-cascadelake/gcc-9.3.0/anaconda3-2020.07-i7qavhiohb2uwqs4eqjeefzx3kp5jqdu/lib/python3.8/site-packages/traitlets/config/loader.py:804: SyntaxWarning: "is" with a literal. Did you mean "=="?
  if len(key) is 1:
wandb: Waiting for W&B process to finish... (success).
wandb: 
wandb: Run history:
wandb: train_accuracy ▁█████▁
wandb:   val_accuracy ▁▁▁▁▁▁▁
wandb: 
wandb: Run summary:
wandb: train_accuracy 0.62387
wandb:   val_accuracy 0.62171
wandb: 
wandb: 🚀 View run distilbert-base-uncased_grid_search at: https://wandb.ai/jacky291/boolq/runs/ckjk0sz8
wandb: Synced 5 W&B file(s), 0 media file(s), 0 artifact file(s) and 0 other file(s)
wandb: Find logs at: ./wandb/run-20230313_021941-ckjk0sz8/logs
/data/apps/linux-centos8-cascadelake/gcc-9.3.0/anaconda3-2020.07-i7qavhiohb2uwqs4eqjeefzx3kp5jqdu/lib/python3.8/site-packages/traitlets/config/loader.py:795: SyntaxWarning: "is" with a literal. Did you mean "=="?
  if len(key) is 1:
/data/apps/linux-centos8-cascadelake/gcc-9.3.0/anaconda3-2020.07-i7qavhiohb2uwqs4eqjeefzx3kp5jqdu/lib/python3.8/site-packages/traitlets/config/loader.py:804: SyntaxWarning: "is" with a literal. Did you mean "=="?
  if len(key) is 1:
wandb: Currently logged in as: jc200108 (jacky291). Use `wandb login --relogin` to force relogin
wandb: Tracking run with wandb version 0.13.11
wandb: Run data is saved locally in /home/jchen291/classes/csci-601-771-self-supervised-models/sp2023/hw6/wandb/run-20230313_023900-gjyjuv50
wandb: Run `wandb offline` to turn off syncing.
wandb: Syncing run distilbert-base-uncased_grid_search
wandb: ⭐️ View project at https://wandb.ai/jacky291/boolq
wandb: 🚀 View run at https://wandb.ai/jacky291/boolq/runs/gjyjuv50
Found cached dataset boolq (/home/jchen291/.cache/huggingface/datasets/boolq/default/0.1.0/bf0dd57da941c50de94ae3ce3cef7fea48c08f337a4b7aac484e9dddc5aa24e5)
Specified arguments: Namespace(batch_size=32, device='cuda', experiment='distilbert-base-uncased_grid_search', lr=0.0005, model='distilbert-base-uncased', num_epochs=9, small_subset=False)
Loading the dataset ...
  0%|          | 0/2 [00:00<?, ?it/s]100%|██████████| 2/2 [00:00<00:00, 678.58it/s]
Some weights of the model checkpoint at distilbert-base-uncased were not used when initializing DistilBertForSequenceClassification: ['vocab_transform.weight', 'vocab_layer_norm.bias', 'vocab_projector.bias', 'vocab_layer_norm.weight', 'vocab_transform.bias', 'vocab_projector.weight']
- This IS expected if you are initializing DistilBertForSequenceClassification from the checkpoint of a model trained on another task or with another architecture (e.g. initializing a BertForSequenceClassification model from a BertForPreTraining model).
- This IS NOT expected if you are initializing DistilBertForSequenceClassification from the checkpoint of a model that you expect to be exactly identical (initializing a BertForSequenceClassification model from a BertForSequenceClassification model).
Some weights of DistilBertForSequenceClassification were not initialized from the model checkpoint at distilbert-base-uncased and are newly initialized: ['classifier.weight', 'classifier.bias', 'pre_classifier.bias', 'pre_classifier.weight']
You should probably TRAIN this model on a down-stream task to be able to use it for predictions and inference.
huggingface/tokenizers: The current process just got forked, after parallelism has already been used. Disabling parallelism to avoid deadlocks...
To disable this warning, you can either:
	- Avoid using `tokenizers` before the fork if possible
	- Explicitly set the environment variable TOKENIZERS_PARALLELISM=(true | false)
Slicing the data...
Size of the loaded dataset:
 - train: 8000
 - dev: 3270
 - test: 1427
Loading the tokenizer...
Loding the data into DS...
 >>>>>>>> Initializing the data loaders ... 
Loading the model ...
Moving model to device ...cuda
 >>>>>>>>  Starting training ... 
 >>>>>>>>  Initializing optimizer
Epoch 1 training:
 ===> Epoch 1
 - Average training metrics: accuracy=0.609125
 - Average validation metrics: accuracy={'accuracy': 0.6217125382262997}
Epoch 2 training:
 ===> Epoch 2
 - Average training metrics: accuracy=0.622125
 - Average validation metrics: accuracy={'accuracy': 0.6217125382262997}
Epoch 3 training:
 ===> Epoch 3
 - Average training metrics: accuracy=0.622125
 - Average validation metrics: accuracy={'accuracy': 0.6217125382262997}
Epoch 4 training:
 ===> Epoch 4
 - Average training metrics: accuracy=0.622125
 - Average validation metrics: accuracy={'accuracy': 0.6217125382262997}
Epoch 5 training:
 ===> Epoch 5
 - Average training metrics: accuracy=0.622125
 - Average validation metrics: accuracy={'accuracy': 0.6217125382262997}
Epoch 6 training:
 ===> Epoch 6
 - Average training metrics: accuracy=0.622125
 - Average validation metrics: accuracy={'accuracy': 0.6217125382262997}
Epoch 7 training:
 ===> Epoch 7
 - Average training metrics: accuracy=0.622125
 - Average validation metrics: accuracy={'accuracy': 0.6217125382262997}
Epoch 8 training:
 ===> Epoch 8
 - Average training metrics: accuracy=0.622125
 - Average validation metrics: accuracy={'accuracy': 0.6217125382262997}
Epoch 9 training:
 ===> Epoch 9
 - Average training metrics: accuracy=0.622125
 - Average validation metrics: accuracy={'accuracy': 0.6217125382262997}
torch.cuda.memory_allocated: 0.511710GB
torch.cuda.memory_reserved: 3.746094GB
torch.cuda.max_memory_reserved: 3.746094GB
Mon Mar 13 03:03:10 2023       
+-----------------------------------------------------------------------------+
| NVIDIA-SMI 460.56       Driver Version: 460.56       CUDA Version: 11.2     |
|-------------------------------+----------------------+----------------------+
| GPU  Name        Persistence-M| Bus-Id        Disp.A | Volatile Uncorr. ECC |
| Fan  Temp  Perf  Pwr:Usage/Cap|         Memory-Usage | GPU-Util  Compute M. |
|                               |                      |               MIG M. |
|===============================+======================+======================|
|   0  Graphics Device     On   | 00000000:17:00.0 Off |                   On |
| N/A   59C    P0   300W / 300W |  50845MiB / 81251MiB |     N/A      Default |
|                               |                      |              Enabled |
+-------------------------------+----------------------+----------------------+
|   1  Graphics Device     On   | 00000000:31:00.0 Off |                   On |
| N/A   62C    P0   302W / 300W |  57073MiB / 81251MiB |     N/A      Default |
|                               |                      |              Enabled |
+-------------------------------+----------------------+----------------------+
|   2  Graphics Device     On   | 00000000:B1:00.0 Off |                   On |
| N/A   44C    P0   140W / 300W |  20822MiB / 81251MiB |     N/A      Default |
|                               |                      |              Enabled |
+-------------------------------+----------------------+----------------------+
|   3  Graphics Device     On   | 00000000:CA:00.0 Off |                   On |
| N/A   34C    P0    97W / 300W |   8311MiB / 81251MiB |     N/A      Default |
|                               |                      |              Enabled |
+-------------------------------+----------------------+----------------------+

+-----------------------------------------------------------------------------+
| MIG devices:                                                                |
+------------------+----------------------+-----------+-----------------------+
| GPU  GI  CI  MIG |         Memory-Usage |        Vol|         Shared        |
|      ID  ID  Dev |           BAR1-Usage | SM     Unc| CE  ENC  DEC  OFA  JPG|
|                  |                      |        ECC|                       |
|==================+======================+===========+=======================|
|  2   10   0   0  |   4758MiB /  9728MiB | 14      0 |  1   0    0    0    0 |
|                  |      4MiB / 16383MiB |           |                       |
+------------------+----------------------+-----------+-----------------------+
                                                                               
+-----------------------------------------------------------------------------+
| Processes:                                                                  |
|  GPU   GI   CI        PID   Type   Process name                  GPU Memory |
|        ID   ID                                                   Usage      |
|=============================================================================|
|    0    7    0       5461      C   ...sification_env/bin/python     7345MiB |
|    0   14    0       5976      C   ...jeefzx3kp5jqdu/bin/python     8271MiB |
|    0    8    0       6201      C   ...jeefzx3kp5jqdu/bin/python     8023MiB |
|    0   11    0       8381      C   ...jeefzx3kp5jqdu/bin/python     8023MiB |
|    0    9    0       8845      C   ...jeefzx3kp5jqdu/bin/python     8023MiB |
|    0   12    0      10288      C   ...jeefzx3kp5jqdu/bin/python     7345MiB |
|    0   13    0      10506      C   ...jeefzx3kp5jqdu/bin/python     3779MiB |
|    1    7    0       3520      C   ...jeefzx3kp5jqdu/bin/python     7345MiB |
|    1    8    0       8935      C   ...jeefzx3kp5jqdu/bin/python     8023MiB |
|    1    9    0       9196      C   ...jeefzx3kp5jqdu/bin/python     8023MiB |
|    1   11    0       9198      C   ...jeefzx3kp5jqdu/bin/python     8023MiB |
|    1   12    0       9200      C   ...jeefzx3kp5jqdu/bin/python     8023MiB |
|    1   13    0       9309      C   ...jeefzx3kp5jqdu/bin/python     8023MiB |
|    1   10    0      10051      C   ...sification_env/bin/python     9577MiB |
|    2   10    0       7984      C   ...jeefzx3kp5jqdu/bin/python     4753MiB |
|    3    8    0       1245      C   ...jeefzx3kp5jqdu/bin/python     8295MiB |
+-----------------------------------------------------------------------------+

 - Average DEV metrics: accuracy={'accuracy': 0.6217125382262997}
 - Average TEST metrics: accuracy={'accuracy': 0.6285914505956552}
/data/apps/linux-centos8-cascadelake/gcc-9.3.0/anaconda3-2020.07-i7qavhiohb2uwqs4eqjeefzx3kp5jqdu/lib/python3.8/site-packages/traitlets/config/loader.py:795: SyntaxWarning: "is" with a literal. Did you mean "=="?
  if len(key) is 1:
/data/apps/linux-centos8-cascadelake/gcc-9.3.0/anaconda3-2020.07-i7qavhiohb2uwqs4eqjeefzx3kp5jqdu/lib/python3.8/site-packages/traitlets/config/loader.py:804: SyntaxWarning: "is" with a literal. Did you mean "=="?
  if len(key) is 1:
wandb: Waiting for W&B process to finish... (success).
wandb: - 0.008 MB of 0.008 MB uploaded (0.000 MB deduped)wandb: \ 0.008 MB of 0.008 MB uploaded (0.000 MB deduped)wandb: | 0.008 MB of 0.008 MB uploaded (0.000 MB deduped)wandb: / 0.008 MB of 0.008 MB uploaded (0.000 MB deduped)wandb: 
wandb: Run history:
wandb: train_accuracy ▁████████
wandb:   val_accuracy ▁▁▁▁▁▁▁▁▁
wandb: 
wandb: Run summary:
wandb: train_accuracy 0.62213
wandb:   val_accuracy 0.62171
wandb: 
wandb: 🚀 View run distilbert-base-uncased_grid_search at: https://wandb.ai/jacky291/boolq/runs/gjyjuv50
wandb: Synced 5 W&B file(s), 0 media file(s), 0 artifact file(s) and 0 other file(s)
wandb: Find logs at: ./wandb/run-20230313_023900-gjyjuv50/logs
/data/apps/linux-centos8-cascadelake/gcc-9.3.0/anaconda3-2020.07-i7qavhiohb2uwqs4eqjeefzx3kp5jqdu/lib/python3.8/site-packages/traitlets/config/loader.py:795: SyntaxWarning: "is" with a literal. Did you mean "=="?
  if len(key) is 1:
/data/apps/linux-centos8-cascadelake/gcc-9.3.0/anaconda3-2020.07-i7qavhiohb2uwqs4eqjeefzx3kp5jqdu/lib/python3.8/site-packages/traitlets/config/loader.py:804: SyntaxWarning: "is" with a literal. Did you mean "=="?
  if len(key) is 1:
wandb: Currently logged in as: jc200108 (jacky291). Use `wandb login --relogin` to force relogin
wandb: Tracking run with wandb version 0.13.11
wandb: Run data is saved locally in /home/jchen291/classes/csci-601-771-self-supervised-models/sp2023/hw6/wandb/run-20230313_030353-mxo30fa8
wandb: Run `wandb offline` to turn off syncing.
wandb: Syncing run distilbert-base-uncased_grid_search
wandb: ⭐️ View project at https://wandb.ai/jacky291/boolq
wandb: 🚀 View run at https://wandb.ai/jacky291/boolq/runs/mxo30fa8
Found cached dataset boolq (/home/jchen291/.cache/huggingface/datasets/boolq/default/0.1.0/bf0dd57da941c50de94ae3ce3cef7fea48c08f337a4b7aac484e9dddc5aa24e5)
Specified arguments: Namespace(batch_size=64, device='cuda', experiment='distilbert-base-uncased_grid_search', lr=0.001, model='distilbert-base-uncased', num_epochs=5, small_subset=False)
Loading the dataset ...
  0%|          | 0/2 [00:00<?, ?it/s]100%|██████████| 2/2 [00:00<00:00, 667.88it/s]
Some weights of the model checkpoint at distilbert-base-uncased were not used when initializing DistilBertForSequenceClassification: ['vocab_transform.bias', 'vocab_projector.weight', 'vocab_layer_norm.weight', 'vocab_projector.bias', 'vocab_transform.weight', 'vocab_layer_norm.bias']
- This IS expected if you are initializing DistilBertForSequenceClassification from the checkpoint of a model trained on another task or with another architecture (e.g. initializing a BertForSequenceClassification model from a BertForPreTraining model).
- This IS NOT expected if you are initializing DistilBertForSequenceClassification from the checkpoint of a model that you expect to be exactly identical (initializing a BertForSequenceClassification model from a BertForSequenceClassification model).
Some weights of DistilBertForSequenceClassification were not initialized from the model checkpoint at distilbert-base-uncased and are newly initialized: ['classifier.weight', 'classifier.bias', 'pre_classifier.weight', 'pre_classifier.bias']
You should probably TRAIN this model on a down-stream task to be able to use it for predictions and inference.
huggingface/tokenizers: The current process just got forked, after parallelism has already been used. Disabling parallelism to avoid deadlocks...
To disable this warning, you can either:
	- Avoid using `tokenizers` before the fork if possible
	- Explicitly set the environment variable TOKENIZERS_PARALLELISM=(true | false)
Slicing the data...
Size of the loaded dataset:
 - train: 8000
 - dev: 3270
 - test: 1427
Loading the tokenizer...
Loding the data into DS...
 >>>>>>>> Initializing the data loaders ... 
Loading the model ...
Moving model to device ...cuda
 >>>>>>>>  Starting training ... 
 >>>>>>>>  Initializing optimizer
Epoch 1 training:
 ===> Epoch 1
 - Average training metrics: accuracy=0.61175
 - Average validation metrics: accuracy={'accuracy': 0.6217125382262997}
Epoch 2 training:
 ===> Epoch 2
 - Average training metrics: accuracy=0.6245
 - Average validation metrics: accuracy={'accuracy': 0.6217125382262997}
Epoch 3 training:
 ===> Epoch 3
 - Average training metrics: accuracy=0.625
 - Average validation metrics: accuracy={'accuracy': 0.6217125382262997}
Epoch 4 training:
 ===> Epoch 4
 - Average training metrics: accuracy=0.625
 - Average validation metrics: accuracy={'accuracy': 0.6217125382262997}
Epoch 5 training:
 ===> Epoch 5
 - Average training metrics: accuracy=0.625
 - Average validation metrics: accuracy={'accuracy': 0.6217125382262997}
torch.cuda.memory_allocated: 0.502843GB
torch.cuda.memory_reserved: 6.277344GB
torch.cuda.max_memory_reserved: 6.277344GB
Mon Mar 13 03:16:54 2023       
+-----------------------------------------------------------------------------+
| NVIDIA-SMI 460.56       Driver Version: 460.56       CUDA Version: 11.2     |
|-------------------------------+----------------------+----------------------+
| GPU  Name        Persistence-M| Bus-Id        Disp.A | Volatile Uncorr. ECC |
| Fan  Temp  Perf  Pwr:Usage/Cap|         Memory-Usage | GPU-Util  Compute M. |
|                               |                      |               MIG M. |
|===============================+======================+======================|
|   0  Graphics Device     On   | 00000000:17:00.0 Off |                   On |
| N/A   55C    P0   271W / 300W |  40661MiB / 81251MiB |     N/A      Default |
|                               |                      |              Enabled |
+-------------------------------+----------------------+----------------------+
|   1  Graphics Device     On   | 00000000:31:00.0 Off |                   On |
| N/A   62C    P0   303W / 300W |  49047MiB / 81251MiB |     N/A      Default |
|                               |                      |              Enabled |
+-------------------------------+----------------------+----------------------+
|   2  Graphics Device     On   | 00000000:B1:00.0 Off |                   On |
| N/A   44C    P0   135W / 300W |  23414MiB / 81251MiB |     N/A      Default |
|                               |                      |              Enabled |
+-------------------------------+----------------------+----------------------+
|   3  Graphics Device     On   | 00000000:CA:00.0 Off |                   On |
| N/A   34C    P0   101W / 300W |   8311MiB / 81251MiB |     N/A      Default |
|                               |                      |              Enabled |
+-------------------------------+----------------------+----------------------+

+-----------------------------------------------------------------------------+
| MIG devices:                                                                |
+------------------+----------------------+-----------+-----------------------+
| GPU  GI  CI  MIG |         Memory-Usage |        Vol|         Shared        |
|      ID  ID  Dev |           BAR1-Usage | SM     Unc| CE  ENC  DEC  OFA  JPG|
|                  |                      |        ECC|                       |
|==================+======================+===========+=======================|
|  2   10   0   0  |   7350MiB /  9728MiB | 14      0 |  1   0    0    0    0 |
|                  |      4MiB / 16383MiB |           |                       |
+------------------+----------------------+-----------+-----------------------+
                                                                               
+-----------------------------------------------------------------------------+
| Processes:                                                                  |
|  GPU   GI   CI        PID   Type   Process name                  GPU Memory |
|        ID   ID                                                   Usage      |
|=============================================================================|
|    0    7    0       5461      C   ...sification_env/bin/python     7345MiB |
|    0   12    0      10288      C   ...jeefzx3kp5jqdu/bin/python     7345MiB |
|    0   13    0      10506      C   ...jeefzx3kp5jqdu/bin/python     4461MiB |
|    0   14    0      10997      C   ...jeefzx3kp5jqdu/bin/python     8271MiB |
|    0    8    0      11126      C   ...jeefzx3kp5jqdu/bin/python     8023MiB |
|    0    9    0      12003      C   ...sification_env/bin/python     5183MiB |
|    1    7    0       3520      C   ...jeefzx3kp5jqdu/bin/python     7345MiB |
|    1    9    0       9196      C   ...jeefzx3kp5jqdu/bin/python     8023MiB |
|    1   11    0       9198      C   ...jeefzx3kp5jqdu/bin/python     8023MiB |
|    1   12    0       9200      C   ...jeefzx3kp5jqdu/bin/python     8023MiB |
|    1   13    0       9309      C   ...jeefzx3kp5jqdu/bin/python     8023MiB |
|    1   10    0      10051      C   ...sification_env/bin/python     9577MiB |
|    2   10    0      10704      C   ...jeefzx3kp5jqdu/bin/python     7345MiB |
|    3    8    0       1245      C   ...jeefzx3kp5jqdu/bin/python     8295MiB |
+-----------------------------------------------------------------------------+

 - Average DEV metrics: accuracy={'accuracy': 0.6217125382262997}
 - Average TEST metrics: accuracy={'accuracy': 0.6124737210932025}
/data/apps/linux-centos8-cascadelake/gcc-9.3.0/anaconda3-2020.07-i7qavhiohb2uwqs4eqjeefzx3kp5jqdu/lib/python3.8/site-packages/traitlets/config/loader.py:795: SyntaxWarning: "is" with a literal. Did you mean "=="?
  if len(key) is 1:
/data/apps/linux-centos8-cascadelake/gcc-9.3.0/anaconda3-2020.07-i7qavhiohb2uwqs4eqjeefzx3kp5jqdu/lib/python3.8/site-packages/traitlets/config/loader.py:804: SyntaxWarning: "is" with a literal. Did you mean "=="?
  if len(key) is 1:
wandb: Waiting for W&B process to finish... (success).
wandb: - 0.008 MB of 0.008 MB uploaded (0.000 MB deduped)wandb: \ 0.013 MB of 0.020 MB uploaded (0.000 MB deduped)wandb: 
wandb: Run history:
wandb: train_accuracy ▁████
wandb:   val_accuracy ▁▁▁▁▁
wandb: 
wandb: Run summary:
wandb: train_accuracy 0.625
wandb:   val_accuracy 0.62171
wandb: 
wandb: 🚀 View run distilbert-base-uncased_grid_search at: https://wandb.ai/jacky291/boolq/runs/mxo30fa8
wandb: Synced 5 W&B file(s), 0 media file(s), 0 artifact file(s) and 0 other file(s)
wandb: Find logs at: ./wandb/run-20230313_030353-mxo30fa8/logs
/data/apps/linux-centos8-cascadelake/gcc-9.3.0/anaconda3-2020.07-i7qavhiohb2uwqs4eqjeefzx3kp5jqdu/lib/python3.8/site-packages/traitlets/config/loader.py:795: SyntaxWarning: "is" with a literal. Did you mean "=="?
  if len(key) is 1:
/data/apps/linux-centos8-cascadelake/gcc-9.3.0/anaconda3-2020.07-i7qavhiohb2uwqs4eqjeefzx3kp5jqdu/lib/python3.8/site-packages/traitlets/config/loader.py:804: SyntaxWarning: "is" with a literal. Did you mean "=="?
  if len(key) is 1:
wandb: Currently logged in as: jc200108 (jacky291). Use `wandb login --relogin` to force relogin
wandb: Tracking run with wandb version 0.13.11
wandb: Run data is saved locally in /home/jchen291/classes/csci-601-771-self-supervised-models/sp2023/hw6/wandb/run-20230313_031735-ulxxbx90
wandb: Run `wandb offline` to turn off syncing.
wandb: Syncing run distilbert-base-uncased_grid_search
wandb: ⭐️ View project at https://wandb.ai/jacky291/boolq
wandb: 🚀 View run at https://wandb.ai/jacky291/boolq/runs/ulxxbx90
Found cached dataset boolq (/home/jchen291/.cache/huggingface/datasets/boolq/default/0.1.0/bf0dd57da941c50de94ae3ce3cef7fea48c08f337a4b7aac484e9dddc5aa24e5)
Specified arguments: Namespace(batch_size=64, device='cuda', experiment='distilbert-base-uncased_grid_search', lr=0.0005, model='distilbert-base-uncased', num_epochs=7, small_subset=False)
Loading the dataset ...
  0%|          | 0/2 [00:00<?, ?it/s]100%|██████████| 2/2 [00:00<00:00, 670.23it/s]
Some weights of the model checkpoint at distilbert-base-uncased were not used when initializing DistilBertForSequenceClassification: ['vocab_layer_norm.bias', 'vocab_projector.weight', 'vocab_transform.weight', 'vocab_layer_norm.weight', 'vocab_projector.bias', 'vocab_transform.bias']
- This IS expected if you are initializing DistilBertForSequenceClassification from the checkpoint of a model trained on another task or with another architecture (e.g. initializing a BertForSequenceClassification model from a BertForPreTraining model).
- This IS NOT expected if you are initializing DistilBertForSequenceClassification from the checkpoint of a model that you expect to be exactly identical (initializing a BertForSequenceClassification model from a BertForSequenceClassification model).
Some weights of DistilBertForSequenceClassification were not initialized from the model checkpoint at distilbert-base-uncased and are newly initialized: ['classifier.bias', 'classifier.weight', 'pre_classifier.weight', 'pre_classifier.bias']
You should probably TRAIN this model on a down-stream task to be able to use it for predictions and inference.
huggingface/tokenizers: The current process just got forked, after parallelism has already been used. Disabling parallelism to avoid deadlocks...
To disable this warning, you can either:
	- Avoid using `tokenizers` before the fork if possible
	- Explicitly set the environment variable TOKENIZERS_PARALLELISM=(true | false)
Slicing the data...
Size of the loaded dataset:
 - train: 8000
 - dev: 3270
 - test: 1427
Loading the tokenizer...
Loding the data into DS...
 >>>>>>>> Initializing the data loaders ... 
Loading the model ...
Moving model to device ...cuda
 >>>>>>>>  Starting training ... 
 >>>>>>>>  Initializing optimizer
Epoch 1 training:
 ===> Epoch 1
 - Average training metrics: accuracy=0.60725
 - Average validation metrics: accuracy={'accuracy': 0.6217125382262997}
Epoch 2 training:
 ===> Epoch 2
 - Average training metrics: accuracy=0.617375
 - Average validation metrics: accuracy={'accuracy': 0.6217125382262997}
Epoch 3 training:
 ===> Epoch 3
 - Average training metrics: accuracy=0.617375
 - Average validation metrics: accuracy={'accuracy': 0.6217125382262997}
Epoch 4 training:
 ===> Epoch 4
 - Average training metrics: accuracy=0.61725
 - Average validation metrics: accuracy={'accuracy': 0.6217125382262997}
Epoch 5 training:
 ===> Epoch 5
 - Average training metrics: accuracy=0.617375
 - Average validation metrics: accuracy={'accuracy': 0.6217125382262997}
Epoch 6 training:
 ===> Epoch 6
 - Average training metrics: accuracy=0.617375
 - Average validation metrics: accuracy={'accuracy': 0.6217125382262997}
Epoch 7 training:
 ===> Epoch 7
 - Average training metrics: accuracy=0.624
 - Average validation metrics: accuracy={'accuracy': 0.6}
torch.cuda.memory_allocated: 0.502843GB
torch.cuda.memory_reserved: 6.277344GB
torch.cuda.max_memory_reserved: 6.277344GB
Mon Mar 13 03:35:39 2023       
+-----------------------------------------------------------------------------+
| NVIDIA-SMI 460.56       Driver Version: 460.56       CUDA Version: 11.2     |
|-------------------------------+----------------------+----------------------+
| GPU  Name        Persistence-M| Bus-Id        Disp.A | Volatile Uncorr. ECC |
| Fan  Temp  Perf  Pwr:Usage/Cap|         Memory-Usage | GPU-Util  Compute M. |
|                               |                      |               MIG M. |
|===============================+======================+======================|
|   0  Graphics Device     On   | 00000000:17:00.0 Off |                   On |
| N/A   57C    P0   233W / 300W |  26726MiB / 81251MiB |     N/A      Default |
|                               |                      |              Enabled |
+-------------------------------+----------------------+----------------------+
|   1  Graphics Device     On   | 00000000:31:00.0 Off |                   On |
| N/A   52C    P0   181W / 300W |  24968MiB / 81251MiB |     N/A      Default |
|                               |                      |              Enabled |
+-------------------------------+----------------------+----------------------+
|   2  Graphics Device     On   | 00000000:B1:00.0 Off |                   On |
| N/A   46C    P0    77W / 300W |   7361MiB / 81251MiB |     N/A      Default |
|                               |                      |              Enabled |
+-------------------------------+----------------------+----------------------+
|   3  Graphics Device     On   | 00000000:CA:00.0 Off |                   On |
| N/A   37C    P0   101W / 300W |   8311MiB / 81251MiB |     N/A      Default |
|                               |                      |              Enabled |
+-------------------------------+----------------------+----------------------+

+-----------------------------------------------------------------------------+
| MIG devices:                                                                |
+------------------+----------------------+-----------+-----------------------+
| GPU  GI  CI  MIG |         Memory-Usage |        Vol|         Shared        |
|      ID  ID  Dev |           BAR1-Usage | SM     Unc| CE  ENC  DEC  OFA  JPG|
|                  |                      |        ECC|                       |
|==================+======================+===========+=======================|
|  2   10   0   0  |   7350MiB /  9728MiB | 14      0 |  1   0    0    0    0 |
|                  |      4MiB / 16383MiB |           |                       |
+------------------+----------------------+-----------+-----------------------+
                                                                               
+-----------------------------------------------------------------------------+
| Processes:                                                                  |
|  GPU   GI   CI        PID   Type   Process name                  GPU Memory |
|        ID   ID                                                   Usage      |
|=============================================================================|
|    0   12    0      10288      C   ...jeefzx3kp5jqdu/bin/python     7345MiB |
|    0    9    0      12003      C   ...sification_env/bin/python     7345MiB |
|    0    8    0      13489      C   ...jeefzx3kp5jqdu/bin/python     5923MiB |
|    0   14    0      13542      C   ...jeefzx3kp5jqdu/bin/python     6087MiB |
|    1    7    0       3520      C   ...jeefzx3kp5jqdu/bin/python     7345MiB |
|    1   13    0       9309      C   ...jeefzx3kp5jqdu/bin/python     8023MiB |
|    1   10    0      10051      C   ...sification_env/bin/python     9577MiB |
|    2   10    0      12081      C   ...jeefzx3kp5jqdu/bin/python     7345MiB |
|    3    8    0       1245      C   ...jeefzx3kp5jqdu/bin/python     8295MiB |
+-----------------------------------------------------------------------------+

 - Average DEV metrics: accuracy={'accuracy': 0.6}
 - Average TEST metrics: accuracy={'accuracy': 0.6377014716187807}
/data/apps/linux-centos8-cascadelake/gcc-9.3.0/anaconda3-2020.07-i7qavhiohb2uwqs4eqjeefzx3kp5jqdu/lib/python3.8/site-packages/traitlets/config/loader.py:795: SyntaxWarning: "is" with a literal. Did you mean "=="?
  if len(key) is 1:
/data/apps/linux-centos8-cascadelake/gcc-9.3.0/anaconda3-2020.07-i7qavhiohb2uwqs4eqjeefzx3kp5jqdu/lib/python3.8/site-packages/traitlets/config/loader.py:804: SyntaxWarning: "is" with a literal. Did you mean "=="?
  if len(key) is 1:
wandb: Waiting for W&B process to finish... (success).
wandb: 
wandb: Run history:
wandb: train_accuracy ▁▅▅▅▅▅█
wandb:   val_accuracy ██████▁
wandb: 
wandb: Run summary:
wandb: train_accuracy 0.624
wandb:   val_accuracy 0.6
wandb: 
wandb: 🚀 View run distilbert-base-uncased_grid_search at: https://wandb.ai/jacky291/boolq/runs/ulxxbx90
wandb: Synced 5 W&B file(s), 0 media file(s), 0 artifact file(s) and 0 other file(s)
wandb: Find logs at: ./wandb/run-20230313_031735-ulxxbx90/logs
/data/apps/linux-centos8-cascadelake/gcc-9.3.0/anaconda3-2020.07-i7qavhiohb2uwqs4eqjeefzx3kp5jqdu/lib/python3.8/site-packages/traitlets/config/loader.py:795: SyntaxWarning: "is" with a literal. Did you mean "=="?
  if len(key) is 1:
/data/apps/linux-centos8-cascadelake/gcc-9.3.0/anaconda3-2020.07-i7qavhiohb2uwqs4eqjeefzx3kp5jqdu/lib/python3.8/site-packages/traitlets/config/loader.py:804: SyntaxWarning: "is" with a literal. Did you mean "=="?
  if len(key) is 1:
wandb: Currently logged in as: jc200108 (jacky291). Use `wandb login --relogin` to force relogin
wandb: Tracking run with wandb version 0.13.11
wandb: Run data is saved locally in /home/jchen291/classes/csci-601-771-self-supervised-models/sp2023/hw6/wandb/run-20230313_033620-tz1xii3v
wandb: Run `wandb offline` to turn off syncing.
wandb: Syncing run distilbert-base-uncased_grid_search
wandb: ⭐️ View project at https://wandb.ai/jacky291/boolq
wandb: 🚀 View run at https://wandb.ai/jacky291/boolq/runs/tz1xii3v
Found cached dataset boolq (/home/jchen291/.cache/huggingface/datasets/boolq/default/0.1.0/bf0dd57da941c50de94ae3ce3cef7fea48c08f337a4b7aac484e9dddc5aa24e5)
Specified arguments: Namespace(batch_size=64, device='cuda', experiment='distilbert-base-uncased_grid_search', lr=0.0005, model='distilbert-base-uncased', num_epochs=9, small_subset=False)
Loading the dataset ...
  0%|          | 0/2 [00:00<?, ?it/s]100%|██████████| 2/2 [00:00<00:00, 677.05it/s]
Some weights of the model checkpoint at distilbert-base-uncased were not used when initializing DistilBertForSequenceClassification: ['vocab_projector.weight', 'vocab_layer_norm.bias', 'vocab_layer_norm.weight', 'vocab_transform.bias', 'vocab_projector.bias', 'vocab_transform.weight']
- This IS expected if you are initializing DistilBertForSequenceClassification from the checkpoint of a model trained on another task or with another architecture (e.g. initializing a BertForSequenceClassification model from a BertForPreTraining model).
- This IS NOT expected if you are initializing DistilBertForSequenceClassification from the checkpoint of a model that you expect to be exactly identical (initializing a BertForSequenceClassification model from a BertForSequenceClassification model).
Some weights of DistilBertForSequenceClassification were not initialized from the model checkpoint at distilbert-base-uncased and are newly initialized: ['pre_classifier.bias', 'classifier.bias', 'classifier.weight', 'pre_classifier.weight']
You should probably TRAIN this model on a down-stream task to be able to use it for predictions and inference.
huggingface/tokenizers: The current process just got forked, after parallelism has already been used. Disabling parallelism to avoid deadlocks...
To disable this warning, you can either:
	- Avoid using `tokenizers` before the fork if possible
	- Explicitly set the environment variable TOKENIZERS_PARALLELISM=(true | false)
Slicing the data...
Size of the loaded dataset:
 - train: 8000
 - dev: 3270
 - test: 1427
Loading the tokenizer...
Loding the data into DS...
 >>>>>>>> Initializing the data loaders ... 
Loading the model ...
Moving model to device ...cuda
 >>>>>>>>  Starting training ... 
 >>>>>>>>  Initializing optimizer
Epoch 1 training:
 ===> Epoch 1
 - Average training metrics: accuracy=0.6105
 - Average validation metrics: accuracy={'accuracy': 0.6217125382262997}
Epoch 2 training:
 ===> Epoch 2
 - Average training metrics: accuracy=0.622
 - Average validation metrics: accuracy={'accuracy': 0.6217125382262997}
Epoch 3 training:
 ===> Epoch 3
 - Average training metrics: accuracy=0.622
 - Average validation metrics: accuracy={'accuracy': 0.6217125382262997}
Epoch 4 training:
 ===> Epoch 4
 - Average training metrics: accuracy=0.622
 - Average validation metrics: accuracy={'accuracy': 0.6217125382262997}
Epoch 5 training:
 ===> Epoch 5
 - Average training metrics: accuracy=0.622
 - Average validation metrics: accuracy={'accuracy': 0.6217125382262997}
Epoch 6 training:
 ===> Epoch 6
 - Average training metrics: accuracy=0.622
 - Average validation metrics: accuracy={'accuracy': 0.6217125382262997}
Epoch 7 training:
 ===> Epoch 7
 - Average training metrics: accuracy=0.622
 - Average validation metrics: accuracy={'accuracy': 0.6217125382262997}
Epoch 8 training:
 ===> Epoch 8
 - Average training metrics: accuracy=0.622
 - Average validation metrics: accuracy={'accuracy': 0.6217125382262997}
Epoch 9 training:
 ===> Epoch 9
 - Average training metrics: accuracy=0.622
 - Average validation metrics: accuracy={'accuracy': 0.6217125382262997}
torch.cuda.memory_allocated: 0.502843GB
torch.cuda.memory_reserved: 6.277344GB
torch.cuda.max_memory_reserved: 6.277344GB
Mon Mar 13 03:59:32 2023       
+-----------------------------------------------------------------------------+
| NVIDIA-SMI 460.56       Driver Version: 460.56       CUDA Version: 11.2     |
|-------------------------------+----------------------+----------------------+
| GPU  Name        Persistence-M| Bus-Id        Disp.A | Volatile Uncorr. ECC |
| Fan  Temp  Perf  Pwr:Usage/Cap|         Memory-Usage | GPU-Util  Compute M. |
|                               |                      |               MIG M. |
|===============================+======================+======================|
|   0  Graphics Device     On   | 00000000:17:00.0 Off |                   On |
| N/A   55C    P0   218W / 300W |  31010MiB / 81251MiB |     N/A      Default |
|                               |                      |              Enabled |
+-------------------------------+----------------------+----------------------+
|   1  Graphics Device     On   | 00000000:31:00.0 Off |                   On |
| N/A   46C    P0   146W / 300W |  16942MiB / 81251MiB |     N/A      Default |
|                               |                      |              Enabled |
+-------------------------------+----------------------+----------------------+
|   2  Graphics Device     On   | 00000000:B1:00.0 Off |                   On |
| N/A   37C    P0    63W / 300W |   7361MiB / 81251MiB |     N/A      Default |
|                               |                      |              Enabled |
+-------------------------------+----------------------+----------------------+
|   3  Graphics Device     On   | 00000000:CA:00.0 Off |                   On |
| N/A   29C    P0    44W / 300W |     13MiB / 81251MiB |     N/A      Default |
|                               |                      |              Enabled |
+-------------------------------+----------------------+----------------------+

+-----------------------------------------------------------------------------+
| MIG devices:                                                                |
+------------------+----------------------+-----------+-----------------------+
| GPU  GI  CI  MIG |         Memory-Usage |        Vol|         Shared        |
|      ID  ID  Dev |           BAR1-Usage | SM     Unc| CE  ENC  DEC  OFA  JPG|
|                  |                      |        ECC|                       |
|==================+======================+===========+=======================|
|  2   10   0   0  |   7350MiB /  9728MiB | 14      0 |  1   0    0    0    0 |
|                  |      4MiB / 16383MiB |           |                       |
+------------------+----------------------+-----------+-----------------------+
                                                                               
+-----------------------------------------------------------------------------+
| Processes:                                                                  |
|  GPU   GI   CI        PID   Type   Process name                  GPU Memory |
|        ID   ID                                                   Usage      |
|=============================================================================|
|    0   12    0      10288      C   ...jeefzx3kp5jqdu/bin/python     7345MiB |
|    0    8    0      13489      C   ...jeefzx3kp5jqdu/bin/python     8023MiB |
|    0   14    0      13542      C   ...jeefzx3kp5jqdu/bin/python     8271MiB |
|    0    7    0      15412      C   ...sification_env/bin/python     7345MiB |
|    1    7    0       3520      C   ...jeefzx3kp5jqdu/bin/python     7345MiB |
|    1   10    0      10051      C   ...sification_env/bin/python     9577MiB |
|    2   10    0      13967      C   ...jeefzx3kp5jqdu/bin/python     7345MiB |
+-----------------------------------------------------------------------------+

 - Average DEV metrics: accuracy={'accuracy': 0.6217125382262997}
 - Average TEST metrics: accuracy={'accuracy': 0.629292221443588}
/data/apps/linux-centos8-cascadelake/gcc-9.3.0/anaconda3-2020.07-i7qavhiohb2uwqs4eqjeefzx3kp5jqdu/lib/python3.8/site-packages/traitlets/config/loader.py:795: SyntaxWarning: "is" with a literal. Did you mean "=="?
  if len(key) is 1:
/data/apps/linux-centos8-cascadelake/gcc-9.3.0/anaconda3-2020.07-i7qavhiohb2uwqs4eqjeefzx3kp5jqdu/lib/python3.8/site-packages/traitlets/config/loader.py:804: SyntaxWarning: "is" with a literal. Did you mean "=="?
  if len(key) is 1:
wandb: Waiting for W&B process to finish... (success).
wandb: - 0.008 MB of 0.008 MB uploaded (0.000 MB deduped)wandb: \ 0.008 MB of 0.020 MB uploaded (0.000 MB deduped)wandb: | 0.020 MB of 0.020 MB uploaded (0.000 MB deduped)wandb: 
wandb: Run history:
wandb: train_accuracy ▁████████
wandb:   val_accuracy ▁▁▁▁▁▁▁▁▁
wandb: 
wandb: Run summary:
wandb: train_accuracy 0.622
wandb:   val_accuracy 0.62171
wandb: 
wandb: 🚀 View run distilbert-base-uncased_grid_search at: https://wandb.ai/jacky291/boolq/runs/tz1xii3v
wandb: Synced 5 W&B file(s), 0 media file(s), 0 artifact file(s) and 0 other file(s)
wandb: Find logs at: ./wandb/run-20230313_033620-tz1xii3v/logs
